{"C:\\Users\\lua22\\Desktop\\ecatepec\\TaskOrbit\\server\\modules\\notificaciones\\notifications.controller.js": {"path":"C:\\Users\\lua22\\Desktop\\ecatepec\\TaskOrbit\\server\\modules\\notificaciones\\notifications.controller.js","statementMap":{"0":{"start":{"line":1,"column":11},"end":{"line":1,"column":37}},"1":{"start":{"line":2,"column":26},"end":{"line":2,"column":58}},"2":{"start":{"line":3,"column":36},"end":{"line":3,"column":69}},"3":{"start":{"line":4,"column":61},"end":{"line":4,"column":95}},"4":{"start":{"line":6,"column":26},"end":{"line":21,"column":1}},"5":{"start":{"line":7,"column":2},"end":{"line":20,"column":3}},"6":{"start":{"line":8,"column":20},"end":{"line":8,"column":70}},"7":{"start":{"line":9,"column":19},"end":{"line":9,"column":100}},"8":{"start":{"line":10,"column":18},"end":{"line":15,"column":5}},"9":{"start":{"line":16,"column":19},"end":{"line":16,"column":50}},"10":{"start":{"line":17,"column":4},"end":{"line":17,"column":65}},"11":{"start":{"line":19,"column":4},"end":{"line":19,"column":16}},"12":{"start":{"line":23,"column":17},"end":{"line":43,"column":1}},"13":{"start":{"line":24,"column":2},"end":{"line":42,"column":3}},"14":{"start":{"line":25,"column":15},"end":{"line":25,"column":36}},"15":{"start":{"line":26,"column":4},"end":{"line":28,"column":5}},"16":{"start":{"line":27,"column":6},"end":{"line":27,"column":49}},"17":{"start":{"line":29,"column":18},"end":{"line":34,"column":5}},"18":{"start":{"line":35,"column":19},"end":{"line":35,"column":59}},"19":{"start":{"line":36,"column":4},"end":{"line":38,"column":5}},"20":{"start":{"line":37,"column":6},"end":{"line":37,"column":64}},"21":{"start":{"line":39,"column":4},"end":{"line":39,"column":68}},"22":{"start":{"line":41,"column":4},"end":{"line":41,"column":16}},"23":{"start":{"line":45,"column":15},"end":{"line":70,"column":1}},"24":{"start":{"line":46,"column":2},"end":{"line":69,"column":3}},"25":{"start":{"line":47,"column":86},"end":{"line":47,"column":94}},"26":{"start":{"line":48,"column":19},"end":{"line":48,"column":21}},"27":{"start":{"line":49,"column":4},"end":{"line":49,"column":62}},"28":{"start":{"line":49,"column":30},"end":{"line":49,"column":62}},"29":{"start":{"line":50,"column":4},"end":{"line":50,"column":57}},"30":{"start":{"line":50,"column":27},"end":{"line":50,"column":57}},"31":{"start":{"line":51,"column":4},"end":{"line":51,"column":60}},"32":{"start":{"line":51,"column":28},"end":{"line":51,"column":60}},"33":{"start":{"line":52,"column":4},"end":{"line":52,"column":63}},"34":{"start":{"line":52,"column":30},"end":{"line":52,"column":63}},"35":{"start":{"line":53,"column":4},"end":{"line":55,"column":5}},"36":{"start":{"line":54,"column":6},"end":{"line":54,"column":59}},"37":{"start":{"line":56,"column":25},"end":{"line":65,"column":6}},"38":{"start":{"line":66,"column":4},"end":{"line":66,"column":66}},"39":{"start":{"line":68,"column":4},"end":{"line":68,"column":16}},"40":{"start":{"line":72,"column":15},"end":{"line":86,"column":1}},"41":{"start":{"line":73,"column":2},"end":{"line":73,"column":53}},"42":{"start":{"line":74,"column":2},"end":{"line":74,"column":45}},"43":{"start":{"line":75,"column":2},"end":{"line":75,"column":44}},"44":{"start":{"line":76,"column":2},"end":{"line":76,"column":21}},"45":{"start":{"line":78,"column":17},"end":{"line":78,"column":28}},"46":{"start":{"line":79,"column":2},"end":{"line":79,"column":30}},"47":{"start":{"line":81,"column":2},"end":{"line":81,"column":74}},"48":{"start":{"line":83,"column":2},"end":{"line":85,"column":5}},"49":{"start":{"line":84,"column":4},"end":{"line":84,"column":30}},"50":{"start":{"line":88,"column":0},"end":{"line":93,"column":2}}},"fnMap":{"0":{"name":"(anonymous_0)","decl":{"start":{"line":6,"column":26},"end":{"line":6,"column":27}},"loc":{"start":{"line":6,"column":52},"end":{"line":21,"column":1}},"line":6},"1":{"name":"(anonymous_1)","decl":{"start":{"line":23,"column":17},"end":{"line":23,"column":18}},"loc":{"start":{"line":23,"column":43},"end":{"line":43,"column":1}},"line":23},"2":{"name":"(anonymous_2)","decl":{"start":{"line":45,"column":15},"end":{"line":45,"column":16}},"loc":{"start":{"line":45,"column":41},"end":{"line":70,"column":1}},"line":45},"3":{"name":"(anonymous_3)","decl":{"start":{"line":72,"column":15},"end":{"line":72,"column":16}},"loc":{"start":{"line":72,"column":29},"end":{"line":86,"column":1}},"line":72},"4":{"name":"(anonymous_4)","decl":{"start":{"line":83,"column":18},"end":{"line":83,"column":19}},"loc":{"start":{"line":83,"column":24},"end":{"line":85,"column":3}},"line":83}},"branchMap":{"0":{"loc":{"start":{"line":8,"column":20},"end":{"line":8,"column":70}},"type":"binary-expr","locations":[{"start":{"line":8,"column":20},"end":{"line":8,"column":44}},{"start":{"line":8,"column":48},"end":{"line":8,"column":70}}],"line":8},"1":{"loc":{"start":{"line":9,"column":19},"end":{"line":9,"column":100}},"type":"cond-expr","locations":[{"start":{"line":9,"column":62},"end":{"line":9,"column":86}},{"start":{"line":9,"column":89},"end":{"line":9,"column":100}}],"line":9},"2":{"loc":{"start":{"line":9,"column":19},"end":{"line":9,"column":59}},"type":"binary-expr","locations":[{"start":{"line":9,"column":19},"end":{"line":9,"column":26}},{"start":{"line":9,"column":30},"end":{"line":9,"column":59}}],"line":9},"3":{"loc":{"start":{"line":26,"column":4},"end":{"line":28,"column":5}},"type":"if","locations":[{"start":{"line":26,"column":4},"end":{"line":28,"column":5}},{"start":{},"end":{}}],"line":26},"4":{"loc":{"start":{"line":36,"column":4},"end":{"line":38,"column":5}},"type":"if","locations":[{"start":{"line":36,"column":4},"end":{"line":38,"column":5}},{"start":{},"end":{}}],"line":36},"5":{"loc":{"start":{"line":49,"column":4},"end":{"line":49,"column":62}},"type":"if","locations":[{"start":{"line":49,"column":4},"end":{"line":49,"column":62}},{"start":{},"end":{}}],"line":49},"6":{"loc":{"start":{"line":50,"column":4},"end":{"line":50,"column":57}},"type":"if","locations":[{"start":{"line":50,"column":4},"end":{"line":50,"column":57}},{"start":{},"end":{}}],"line":50},"7":{"loc":{"start":{"line":51,"column":4},"end":{"line":51,"column":60}},"type":"if","locations":[{"start":{"line":51,"column":4},"end":{"line":51,"column":60}},{"start":{},"end":{}}],"line":51},"8":{"loc":{"start":{"line":52,"column":4},"end":{"line":52,"column":63}},"type":"if","locations":[{"start":{"line":52,"column":4},"end":{"line":52,"column":63}},{"start":{},"end":{}}],"line":52},"9":{"loc":{"start":{"line":53,"column":4},"end":{"line":55,"column":5}},"type":"if","locations":[{"start":{"line":53,"column":4},"end":{"line":55,"column":5}},{"start":{},"end":{}}],"line":53},"10":{"loc":{"start":{"line":64,"column":16},"end":{"line":64,"column":50}},"type":"cond-expr","locations":[{"start":{"line":64,"column":27},"end":{"line":64,"column":43}},{"start":{"line":64,"column":46},"end":{"line":64,"column":50}}],"line":64}},"s":{"0":0,"1":0,"2":0,"3":0,"4":0,"5":0,"6":0,"7":0,"8":0,"9":0,"10":0,"11":0,"12":0,"13":0,"14":0,"15":0,"16":0,"17":0,"18":0,"19":0,"20":0,"21":0,"22":0,"23":0,"24":0,"25":0,"26":0,"27":0,"28":0,"29":0,"30":0,"31":0,"32":0,"33":0,"34":0,"35":0,"36":0,"37":0,"38":0,"39":0,"40":0,"41":0,"42":0,"43":0,"44":0,"45":0,"46":0,"47":0,"48":0,"49":0,"50":0},"f":{"0":0,"1":0,"2":0,"3":0,"4":0},"b":{"0":[0,0],"1":[0,0],"2":[0,0],"3":[0,0],"4":[0,0],"5":[0,0],"6":[0,0],"7":[0,0],"8":[0,0],"9":[0,0],"10":[0,0]}}
,"C:\\Users\\lua22\\Desktop\\ecatepec\\TaskOrbit\\server\\modules\\notificaciones\\notifications.routes.js": {"path":"C:\\Users\\lua22\\Desktop\\ecatepec\\TaskOrbit\\server\\modules\\notificaciones\\notifications.routes.js","statementMap":{"0":{"start":{"line":1,"column":16},"end":{"line":1,"column":34}},"1":{"start":{"line":2,"column":15},"end":{"line":2,"column":31}},"2":{"start":{"line":3,"column":32},"end":{"line":3,"column":69}},"3":{"start":{"line":4,"column":23},"end":{"line":4,"column":67}},"4":{"start":{"line":5,"column":23},"end":{"line":5,"column":67}},"5":{"start":{"line":7,"column":0},"end":{"line":7,"column":27}},"6":{"start":{"line":9,"column":0},"end":{"line":9,"column":59}},"7":{"start":{"line":10,"column":0},"end":{"line":10,"column":54}},"8":{"start":{"line":11,"column":0},"end":{"line":11,"column":60}},"9":{"start":{"line":12,"column":0},"end":{"line":12,"column":81}},"10":{"start":{"line":14,"column":0},"end":{"line":14,"column":24}}},"fnMap":{},"branchMap":{},"s":{"0":0,"1":0,"2":0,"3":0,"4":0,"5":0,"6":0,"7":0,"8":0,"9":0,"10":0},"f":{},"b":{}}
,"C:\\Users\\lua22\\Desktop\\ecatepec\\TaskOrbit\\server\\modules\\notificaciones\\notifications.service.js": {"path":"C:\\Users\\lua22\\Desktop\\ecatepec\\TaskOrbit\\server\\modules\\notificaciones\\notifications.service.js","statementMap":{"0":{"start":{"line":1,"column":11},"end":{"line":1,"column":37}},"1":{"start":{"line":3,"column":22},"end":{"line":3,"column":31}},"2":{"start":{"line":5,"column":23},"end":{"line":10,"column":1}},"3":{"start":{"line":6,"column":2},"end":{"line":8,"column":3}},"4":{"start":{"line":7,"column":4},"end":{"line":7,"column":41}},"5":{"start":{"line":9,"column":2},"end":{"line":9,"column":37}},"6":{"start":{"line":12,"column":21},"end":{"line":21,"column":1}},"7":{"start":{"line":13,"column":2},"end":{"line":15,"column":3}},"8":{"start":{"line":14,"column":4},"end":{"line":14,"column":11}},"9":{"start":{"line":16,"column":14},"end":{"line":16,"column":39}},"10":{"start":{"line":17,"column":2},"end":{"line":17,"column":18}},"11":{"start":{"line":18,"column":2},"end":{"line":20,"column":3}},"12":{"start":{"line":19,"column":4},"end":{"line":19,"column":33}},"13":{"start":{"line":23,"column":18},"end":{"line":32,"column":1}},"14":{"start":{"line":24,"column":14},"end":{"line":24,"column":39}},"15":{"start":{"line":25,"column":2},"end":{"line":27,"column":3}},"16":{"start":{"line":26,"column":4},"end":{"line":26,"column":11}},"17":{"start":{"line":28,"column":15},"end":{"line":28,"column":53}},"18":{"start":{"line":29,"column":2},"end":{"line":31,"column":5}},"19":{"start":{"line":30,"column":4},"end":{"line":30,"column":20}},"20":{"start":{"line":34,"column":27},"end":{"line":60,"column":1}},"21":{"start":{"line":44,"column":17},"end":{"line":44,"column":57}},"22":{"start":{"line":45,"column":22},"end":{"line":45,"column":71}},"23":{"start":{"line":46,"column":16},"end":{"line":52,"column":3}},"24":{"start":{"line":53,"column":17},"end":{"line":53,"column":96}},"25":{"start":{"line":54,"column":17},"end":{"line":54,"column":46}},"26":{"start":{"line":55,"column":23},"end":{"line":55,"column":37}},"27":{"start":{"line":56,"column":2},"end":{"line":58,"column":3}},"28":{"start":{"line":57,"column":4},"end":{"line":57,"column":36}},"29":{"start":{"line":59,"column":2},"end":{"line":59,"column":22}},"30":{"start":{"line":62,"column":0},"end":{"line":67,"column":2}}},"fnMap":{"0":{"name":"(anonymous_0)","decl":{"start":{"line":5,"column":23},"end":{"line":5,"column":24}},"loc":{"start":{"line":5,"column":40},"end":{"line":10,"column":1}},"line":5},"1":{"name":"(anonymous_1)","decl":{"start":{"line":12,"column":21},"end":{"line":12,"column":22}},"loc":{"start":{"line":12,"column":38},"end":{"line":21,"column":1}},"line":12},"2":{"name":"(anonymous_2)","decl":{"start":{"line":23,"column":18},"end":{"line":23,"column":19}},"loc":{"start":{"line":23,"column":39},"end":{"line":32,"column":1}},"line":23},"3":{"name":"(anonymous_3)","decl":{"start":{"line":29,"column":14},"end":{"line":29,"column":15}},"loc":{"start":{"line":29,"column":23},"end":{"line":31,"column":3}},"line":29},"4":{"name":"(anonymous_4)","decl":{"start":{"line":34,"column":27},"end":{"line":34,"column":28}},"loc":{"start":{"line":43,"column":6},"end":{"line":60,"column":1}},"line":43}},"branchMap":{"0":{"loc":{"start":{"line":6,"column":2},"end":{"line":8,"column":3}},"type":"if","locations":[{"start":{"line":6,"column":2},"end":{"line":8,"column":3}},{"start":{},"end":{}}],"line":6},"1":{"loc":{"start":{"line":13,"column":2},"end":{"line":15,"column":3}},"type":"if","locations":[{"start":{"line":13,"column":2},"end":{"line":15,"column":3}},{"start":{},"end":{}}],"line":13},"2":{"loc":{"start":{"line":18,"column":2},"end":{"line":20,"column":3}},"type":"if","locations":[{"start":{"line":18,"column":2},"end":{"line":20,"column":3}},{"start":{},"end":{}}],"line":18},"3":{"loc":{"start":{"line":25,"column":2},"end":{"line":27,"column":3}},"type":"if","locations":[{"start":{"line":25,"column":2},"end":{"line":27,"column":3}},{"start":{},"end":{}}],"line":25},"4":{"loc":{"start":{"line":39,"column":2},"end":{"line":39,"column":19}},"type":"default-arg","locations":[{"start":{"line":39,"column":13},"end":{"line":39,"column":19}}],"line":39},"5":{"loc":{"start":{"line":40,"column":2},"end":{"line":40,"column":20}},"type":"default-arg","locations":[{"start":{"line":40,"column":12},"end":{"line":40,"column":20}}],"line":40},"6":{"loc":{"start":{"line":41,"column":2},"end":{"line":41,"column":19}},"type":"default-arg","locations":[{"start":{"line":41,"column":15},"end":{"line":41,"column":19}}],"line":41},"7":{"loc":{"start":{"line":42,"column":2},"end":{"line":42,"column":17}},"type":"default-arg","locations":[{"start":{"line":42,"column":13},"end":{"line":42,"column":17}}],"line":42},"8":{"loc":{"start":{"line":44,"column":17},"end":{"line":44,"column":57}},"type":"cond-expr","locations":[{"start":{"line":44,"column":40},"end":{"line":44,"column":46}},{"start":{"line":44,"column":49},"end":{"line":44,"column":57}}],"line":44},"9":{"loc":{"start":{"line":45,"column":22},"end":{"line":45,"column":71}},"type":"cond-expr","locations":[{"start":{"line":45,"column":45},"end":{"line":45,"column":64}},{"start":{"line":45,"column":67},"end":{"line":45,"column":71}}],"line":45},"10":{"loc":{"start":{"line":50,"column":45},"end":{"line":50,"column":79}},"type":"cond-expr","locations":[{"start":{"line":50,"column":59},"end":{"line":50,"column":70}},{"start":{"line":50,"column":73},"end":{"line":50,"column":79}}],"line":50},"11":{"loc":{"start":{"line":56,"column":2},"end":{"line":58,"column":3}},"type":"if","locations":[{"start":{"line":56,"column":2},"end":{"line":58,"column":3}},{"start":{},"end":{}}],"line":56}},"s":{"0":1,"1":1,"2":1,"3":1,"4":1,"5":1,"6":1,"7":1,"8":0,"9":1,"10":1,"11":1,"12":1,"13":1,"14":1,"15":1,"16":0,"17":1,"18":1,"19":1,"20":1,"21":1,"22":1,"23":1,"24":1,"25":1,"26":1,"27":1,"28":1,"29":1,"30":1},"f":{"0":1,"1":1,"2":1,"3":1,"4":1},"b":{"0":[1,0],"1":[0,1],"2":[1,0],"3":[0,1],"4":[1],"5":[0],"6":[0],"7":[0],"8":[1,0],"9":[1,0],"10":[1,0],"11":[1,0]},"_coverageSchema":"1a1c01bbd47fc00a2c39e90264f33305004495a9","hash":"a61181b120344b411d892002fdade73013710557"}
,"C:\\Users\\lua22\\Desktop\\ecatepec\\TaskOrbit\\server\\modules\\proyectos\\proyectos.controller.js": {"path":"C:\\Users\\lua22\\Desktop\\ecatepec\\TaskOrbit\\server\\modules\\proyectos\\proyectos.controller.js","statementMap":{"0":{"start":{"line":1,"column":11},"end":{"line":1,"column":37}},"1":{"start":{"line":2,"column":26},"end":{"line":2,"column":58}},"2":{"start":{"line":3,"column":80},"end":{"line":3,"column":113}},"3":{"start":{"line":4,"column":21},"end":{"line":4,"column":49}},"4":{"start":{"line":5,"column":31},"end":{"line":5,"column":81}},"5":{"start":{"line":7,"column":23},"end":{"line":20,"column":2}},"6":{"start":{"line":7,"column":33},"end":{"line":20,"column":1}},"7":{"start":{"line":22,"column":21},"end":{"line":36,"column":1}},"8":{"start":{"line":23,"column":2},"end":{"line":35,"column":3}},"9":{"start":{"line":24,"column":22},"end":{"line":24,"column":50}},"10":{"start":{"line":25,"column":19},"end":{"line":25,"column":21}},"11":{"start":{"line":26,"column":16},"end":{"line":26,"column":18}},"12":{"start":{"line":27,"column":4},"end":{"line":30,"column":5}},"13":{"start":{"line":28,"column":6},"end":{"line":28,"column":48}},"14":{"start":{"line":29,"column":6},"end":{"line":29,"column":31}},"15":{"start":{"line":31,"column":19},"end":{"line":31,"column":90}},"16":{"start":{"line":32,"column":4},"end":{"line":32,"column":80}},"17":{"start":{"line":34,"column":4},"end":{"line":34,"column":16}},"18":{"start":{"line":38,"column":24},"end":{"line":56,"column":1}},"19":{"start":{"line":39,"column":2},"end":{"line":55,"column":3}},"20":{"start":{"line":40,"column":15},"end":{"line":40,"column":36}},"21":{"start":{"line":41,"column":4},"end":{"line":43,"column":5}},"22":{"start":{"line":42,"column":6},"end":{"line":42,"column":49}},"23":{"start":{"line":44,"column":19},"end":{"line":44,"column":83}},"24":{"start":{"line":45,"column":4},"end":{"line":47,"column":5}},"25":{"start":{"line":46,"column":6},"end":{"line":46,"column":60}},"26":{"start":{"line":48,"column":21},"end":{"line":48,"column":35}},"27":{"start":{"line":49,"column":4},"end":{"line":51,"column":5}},"28":{"start":{"line":50,"column":6},"end":{"line":50,"column":53}},"29":{"start":{"line":52,"column":4},"end":{"line":52,"column":71}},"30":{"start":{"line":54,"column":4},"end":{"line":54,"column":16}},"31":{"start":{"line":58,"column":23},"end":{"line":138,"column":1}},"32":{"start":{"line":59,"column":17},"end":{"line":59,"column":40}},"33":{"start":{"line":60,"column":2},"end":{"line":137,"column":3}},"34":{"start":{"line":61,"column":4},"end":{"line":63,"column":5}},"35":{"start":{"line":62,"column":6},"end":{"line":62,"column":77}},"36":{"start":{"line":73,"column":8},"end":{"line":73,"column":16}},"37":{"start":{"line":75,"column":19},"end":{"line":75,"column":21}},"38":{"start":{"line":76,"column":4},"end":{"line":76,"column":85}},"39":{"start":{"line":76,"column":54},"end":{"line":76,"column":85}},"40":{"start":{"line":77,"column":4},"end":{"line":77,"column":82}},"41":{"start":{"line":77,"column":41},"end":{"line":77,"column":82}},"42":{"start":{"line":78,"column":4},"end":{"line":78,"column":72}},"43":{"start":{"line":78,"column":38},"end":{"line":78,"column":72}},"44":{"start":{"line":79,"column":4},"end":{"line":79,"column":63}},"45":{"start":{"line":79,"column":32},"end":{"line":79,"column":63}},"46":{"start":{"line":80,"column":4},"end":{"line":82,"column":5}},"47":{"start":{"line":81,"column":6},"end":{"line":81,"column":59}},"48":{"start":{"line":84,"column":4},"end":{"line":84,"column":32}},"49":{"start":{"line":85,"column":24},"end":{"line":91,"column":5}},"50":{"start":{"line":92,"column":25},"end":{"line":101,"column":6}},"51":{"start":{"line":103,"column":23},"end":{"line":103,"column":46}},"52":{"start":{"line":104,"column":4},"end":{"line":109,"column":7}},"53":{"start":{"line":110,"column":4},"end":{"line":110,"column":33}},"54":{"start":{"line":112,"column":19},"end":{"line":112,"column":91}},"55":{"start":{"line":113,"column":21},"end":{"line":113,"column":51}},"56":{"start":{"line":115,"column":18},"end":{"line":115,"column":43}},"57":{"start":{"line":116,"column":20},"end":{"line":116,"column":68}},"58":{"start":{"line":117,"column":21},"end":{"line":117,"column":48}},"59":{"start":{"line":118,"column":4},"end":{"line":129,"column":5}},"60":{"start":{"line":119,"column":6},"end":{"line":128,"column":9}},"61":{"start":{"line":131,"column":4},"end":{"line":131,"column":58}},"62":{"start":{"line":133,"column":4},"end":{"line":133,"column":35}},"63":{"start":{"line":134,"column":4},"end":{"line":134,"column":16}},"64":{"start":{"line":136,"column":4},"end":{"line":136,"column":21}},"65":{"start":{"line":140,"column":23},"end":{"line":248,"column":1}},"66":{"start":{"line":141,"column":17},"end":{"line":141,"column":40}},"67":{"start":{"line":142,"column":2},"end":{"line":247,"column":3}},"68":{"start":{"line":143,"column":15},"end":{"line":143,"column":36}},"69":{"start":{"line":144,"column":4},"end":{"line":146,"column":5}},"70":{"start":{"line":145,"column":6},"end":{"line":145,"column":49}},"71":{"start":{"line":147,"column":26},"end":{"line":147,"column":91}},"72":{"start":{"line":148,"column":4},"end":{"line":150,"column":5}},"73":{"start":{"line":149,"column":6},"end":{"line":149,"column":60}},"74":{"start":{"line":151,"column":20},"end":{"line":151,"column":41}},"75":{"start":{"line":153,"column":19},"end":{"line":153,"column":42}},"76":{"start":{"line":154,"column":4},"end":{"line":156,"column":5}},"77":{"start":{"line":155,"column":6},"end":{"line":155,"column":53}},"78":{"start":{"line":167,"column":8},"end":{"line":167,"column":16}},"79":{"start":{"line":169,"column":4},"end":{"line":175,"column":5}},"80":{"start":{"line":170,"column":29},"end":{"line":171,"column":45}},"81":{"start":{"line":171,"column":25},"end":{"line":171,"column":44}},"82":{"start":{"line":172,"column":6},"end":{"line":174,"column":7}},"83":{"start":{"line":173,"column":8},"end":{"line":173,"column":84}},"84":{"start":{"line":177,"column":19},"end":{"line":177,"column":21}},"85":{"start":{"line":178,"column":4},"end":{"line":178,"column":111}},"86":{"start":{"line":178,"column":80},"end":{"line":178,"column":111}},"87":{"start":{"line":179,"column":4},"end":{"line":179,"column":117}},"88":{"start":{"line":179,"column":76},"end":{"line":179,"column":117}},"89":{"start":{"line":180,"column":4},"end":{"line":180,"column":99}},"90":{"start":{"line":180,"column":65},"end":{"line":180,"column":99}},"91":{"start":{"line":181,"column":4},"end":{"line":181,"column":87}},"92":{"start":{"line":181,"column":56},"end":{"line":181,"column":87}},"93":{"start":{"line":182,"column":4},"end":{"line":184,"column":5}},"94":{"start":{"line":183,"column":6},"end":{"line":183,"column":59}},"95":{"start":{"line":186,"column":4},"end":{"line":186,"column":32}},"96":{"start":{"line":187,"column":19},"end":{"line":187,"column":21}},"97":{"start":{"line":188,"column":19},"end":{"line":188,"column":21}},"98":{"start":{"line":189,"column":14},"end":{"line":189,"column":15}},"99":{"start":{"line":191,"column":21},"end":{"line":195,"column":5}},"100":{"start":{"line":192,"column":6},"end":{"line":192,"column":39}},"101":{"start":{"line":193,"column":6},"end":{"line":193,"column":25}},"102":{"start":{"line":194,"column":6},"end":{"line":194,"column":15}},"103":{"start":{"line":197,"column":4},"end":{"line":197,"column":57}},"104":{"start":{"line":197,"column":30},"end":{"line":197,"column":57}},"105":{"start":{"line":198,"column":4},"end":{"line":198,"column":72}},"106":{"start":{"line":198,"column":35},"end":{"line":198,"column":72}},"107":{"start":{"line":199,"column":4},"end":{"line":199,"column":66}},"108":{"start":{"line":199,"column":33},"end":{"line":199,"column":66}},"109":{"start":{"line":200,"column":4},"end":{"line":200,"column":57}},"110":{"start":{"line":200,"column":30},"end":{"line":200,"column":57}},"111":{"start":{"line":201,"column":4},"end":{"line":201,"column":73}},"112":{"start":{"line":201,"column":35},"end":{"line":201,"column":73}},"113":{"start":{"line":202,"column":4},"end":{"line":202,"column":64}},"114":{"start":{"line":202,"column":32},"end":{"line":202,"column":64}},"115":{"start":{"line":203,"column":4},"end":{"line":203,"column":91}},"116":{"start":{"line":203,"column":41},"end":{"line":203,"column":91}},"117":{"start":{"line":204,"column":4},"end":{"line":204,"column":92}},"118":{"start":{"line":204,"column":41},"end":{"line":204,"column":92}},"119":{"start":{"line":206,"column":4},"end":{"line":208,"column":5}},"120":{"start":{"line":207,"column":6},"end":{"line":207,"column":68}},"121":{"start":{"line":210,"column":4},"end":{"line":210,"column":20}},"122":{"start":{"line":211,"column":24},"end":{"line":211,"column":99}},"123":{"start":{"line":212,"column":4},"end":{"line":212,"column":44}},"124":{"start":{"line":214,"column":4},"end":{"line":217,"column":7}},"125":{"start":{"line":218,"column":4},"end":{"line":218,"column":33}},"126":{"start":{"line":220,"column":19},"end":{"line":220,"column":83}},"127":{"start":{"line":221,"column":21},"end":{"line":221,"column":51}},"128":{"start":{"line":223,"column":4},"end":{"line":239,"column":5}},"129":{"start":{"line":224,"column":20},"end":{"line":224,"column":52}},"130":{"start":{"line":225,"column":22},"end":{"line":225,"column":76}},"131":{"start":{"line":226,"column":23},"end":{"line":226,"column":50}},"132":{"start":{"line":227,"column":6},"end":{"line":238,"column":7}},"133":{"start":{"line":228,"column":8},"end":{"line":237,"column":11}},"134":{"start":{"line":241,"column":4},"end":{"line":241,"column":58}},"135":{"start":{"line":243,"column":4},"end":{"line":243,"column":35}},"136":{"start":{"line":244,"column":4},"end":{"line":244,"column":16}},"137":{"start":{"line":246,"column":4},"end":{"line":246,"column":21}},"138":{"start":{"line":250,"column":23},"end":{"line":275,"column":1}},"139":{"start":{"line":251,"column":17},"end":{"line":251,"column":40}},"140":{"start":{"line":252,"column":2},"end":{"line":274,"column":3}},"141":{"start":{"line":253,"column":15},"end":{"line":253,"column":36}},"142":{"start":{"line":254,"column":4},"end":{"line":256,"column":5}},"143":{"start":{"line":255,"column":6},"end":{"line":255,"column":49}},"144":{"start":{"line":257,"column":4},"end":{"line":259,"column":5}},"145":{"start":{"line":258,"column":6},"end":{"line":258,"column":80}},"146":{"start":{"line":260,"column":26},"end":{"line":260,"column":91}},"147":{"start":{"line":261,"column":4},"end":{"line":263,"column":5}},"148":{"start":{"line":262,"column":6},"end":{"line":262,"column":60}},"149":{"start":{"line":264,"column":4},"end":{"line":264,"column":32}},"150":{"start":{"line":265,"column":4},"end":{"line":265,"column":68}},"151":{"start":{"line":266,"column":4},"end":{"line":266,"column":86}},"152":{"start":{"line":267,"column":4},"end":{"line":267,"column":33}},"153":{"start":{"line":268,"column":4},"end":{"line":268,"column":54}},"154":{"start":{"line":270,"column":4},"end":{"line":270,"column":35}},"155":{"start":{"line":271,"column":4},"end":{"line":271,"column":16}},"156":{"start":{"line":273,"column":4},"end":{"line":273,"column":21}},"157":{"start":{"line":277,"column":0},"end":{"line":283,"column":2}}},"fnMap":{"0":{"name":"(anonymous_0)","decl":{"start":{"line":7,"column":23},"end":{"line":7,"column":24}},"loc":{"start":{"line":7,"column":33},"end":{"line":20,"column":1}},"line":7},"1":{"name":"(anonymous_1)","decl":{"start":{"line":22,"column":21},"end":{"line":22,"column":22}},"loc":{"start":{"line":22,"column":47},"end":{"line":36,"column":1}},"line":22},"2":{"name":"(anonymous_2)","decl":{"start":{"line":38,"column":24},"end":{"line":38,"column":25}},"loc":{"start":{"line":38,"column":50},"end":{"line":56,"column":1}},"line":38},"3":{"name":"(anonymous_3)","decl":{"start":{"line":58,"column":23},"end":{"line":58,"column":24}},"loc":{"start":{"line":58,"column":49},"end":{"line":138,"column":1}},"line":58},"4":{"name":"(anonymous_4)","decl":{"start":{"line":140,"column":23},"end":{"line":140,"column":24}},"loc":{"start":{"line":140,"column":49},"end":{"line":248,"column":1}},"line":140},"5":{"name":"(anonymous_5)","decl":{"start":{"line":171,"column":14},"end":{"line":171,"column":15}},"loc":{"start":{"line":171,"column":25},"end":{"line":171,"column":44}},"line":171},"6":{"name":"(anonymous_6)","decl":{"start":{"line":191,"column":21},"end":{"line":191,"column":22}},"loc":{"start":{"line":191,"column":38},"end":{"line":195,"column":5}},"line":191},"7":{"name":"(anonymous_7)","decl":{"start":{"line":250,"column":23},"end":{"line":250,"column":24}},"loc":{"start":{"line":250,"column":49},"end":{"line":275,"column":1}},"line":250}},"branchMap":{"0":{"loc":{"start":{"line":27,"column":4},"end":{"line":30,"column":5}},"type":"if","locations":[{"start":{"line":27,"column":4},"end":{"line":30,"column":5}},{"start":{},"end":{}}],"line":27},"1":{"loc":{"start":{"line":41,"column":4},"end":{"line":43,"column":5}},"type":"if","locations":[{"start":{"line":41,"column":4},"end":{"line":43,"column":5}},{"start":{},"end":{}}],"line":41},"2":{"loc":{"start":{"line":45,"column":4},"end":{"line":47,"column":5}},"type":"if","locations":[{"start":{"line":45,"column":4},"end":{"line":47,"column":5}},{"start":{},"end":{}}],"line":45},"3":{"loc":{"start":{"line":49,"column":4},"end":{"line":51,"column":5}},"type":"if","locations":[{"start":{"line":49,"column":4},"end":{"line":51,"column":5}},{"start":{},"end":{}}],"line":49},"4":{"loc":{"start":{"line":49,"column":8},"end":{"line":49,"column":79}},"type":"binary-expr","locations":[{"start":{"line":49,"column":8},"end":{"line":49,"column":31}},{"start":{"line":49,"column":35},"end":{"line":49,"column":79}}],"line":49},"5":{"loc":{"start":{"line":61,"column":4},"end":{"line":63,"column":5}},"type":"if","locations":[{"start":{"line":61,"column":4},"end":{"line":63,"column":5}},{"start":{},"end":{}}],"line":61},"6":{"loc":{"start":{"line":67,"column":6},"end":{"line":67,"column":25}},"type":"default-arg","locations":[{"start":{"line":67,"column":18},"end":{"line":67,"column":25}}],"line":67},"7":{"loc":{"start":{"line":68,"column":6},"end":{"line":68,"column":26}},"type":"default-arg","locations":[{"start":{"line":68,"column":15},"end":{"line":68,"column":26}}],"line":68},"8":{"loc":{"start":{"line":76,"column":4},"end":{"line":76,"column":85}},"type":"if","locations":[{"start":{"line":76,"column":4},"end":{"line":76,"column":85}},{"start":{},"end":{}}],"line":76},"9":{"loc":{"start":{"line":76,"column":8},"end":{"line":76,"column":52}},"type":"binary-expr","locations":[{"start":{"line":76,"column":8},"end":{"line":76,"column":27}},{"start":{"line":76,"column":31},"end":{"line":76,"column":52}}],"line":76},"10":{"loc":{"start":{"line":77,"column":4},"end":{"line":77,"column":82}},"type":"if","locations":[{"start":{"line":77,"column":4},"end":{"line":77,"column":82}},{"start":{},"end":{}}],"line":77},"11":{"loc":{"start":{"line":78,"column":4},"end":{"line":78,"column":72}},"type":"if","locations":[{"start":{"line":78,"column":4},"end":{"line":78,"column":72}},{"start":{},"end":{}}],"line":78},"12":{"loc":{"start":{"line":79,"column":4},"end":{"line":79,"column":63}},"type":"if","locations":[{"start":{"line":79,"column":4},"end":{"line":79,"column":63}},{"start":{},"end":{}}],"line":79},"13":{"loc":{"start":{"line":80,"column":4},"end":{"line":82,"column":5}},"type":"if","locations":[{"start":{"line":80,"column":4},"end":{"line":82,"column":5}},{"start":{},"end":{}}],"line":80},"14":{"loc":{"start":{"line":94,"column":6},"end":{"line":94,"column":25}},"type":"binary-expr","locations":[{"start":{"line":94,"column":6},"end":{"line":94,"column":17}},{"start":{"line":94,"column":21},"end":{"line":94,"column":25}}],"line":94},"15":{"loc":{"start":{"line":97,"column":6},"end":{"line":97,"column":25}},"type":"binary-expr","locations":[{"start":{"line":97,"column":6},"end":{"line":97,"column":17}},{"start":{"line":97,"column":21},"end":{"line":97,"column":25}}],"line":97},"16":{"loc":{"start":{"line":98,"column":6},"end":{"line":98,"column":22}},"type":"binary-expr","locations":[{"start":{"line":98,"column":6},"end":{"line":98,"column":14}},{"start":{"line":98,"column":18},"end":{"line":98,"column":22}}],"line":98},"17":{"loc":{"start":{"line":99,"column":6},"end":{"line":99,"column":31}},"type":"binary-expr","locations":[{"start":{"line":99,"column":6},"end":{"line":99,"column":23}},{"start":{"line":99,"column":27},"end":{"line":99,"column":31}}],"line":99},"18":{"loc":{"start":{"line":144,"column":4},"end":{"line":146,"column":5}},"type":"if","locations":[{"start":{"line":144,"column":4},"end":{"line":146,"column":5}},{"start":{},"end":{}}],"line":144},"19":{"loc":{"start":{"line":148,"column":4},"end":{"line":150,"column":5}},"type":"if","locations":[{"start":{"line":148,"column":4},"end":{"line":150,"column":5}},{"start":{},"end":{}}],"line":148},"20":{"loc":{"start":{"line":154,"column":4},"end":{"line":156,"column":5}},"type":"if","locations":[{"start":{"line":154,"column":4},"end":{"line":156,"column":5}},{"start":{},"end":{}}],"line":154},"21":{"loc":{"start":{"line":154,"column":8},"end":{"line":154,"column":61}},"type":"binary-expr","locations":[{"start":{"line":154,"column":8},"end":{"line":154,"column":14}},{"start":{"line":154,"column":18},"end":{"line":154,"column":61}}],"line":154},"22":{"loc":{"start":{"line":169,"column":4},"end":{"line":175,"column":5}},"type":"if","locations":[{"start":{"line":169,"column":4},"end":{"line":175,"column":5}},{"start":{},"end":{}}],"line":169},"23":{"loc":{"start":{"line":172,"column":6},"end":{"line":174,"column":7}},"type":"if","locations":[{"start":{"line":172,"column":6},"end":{"line":174,"column":7}},{"start":{},"end":{}}],"line":172},"24":{"loc":{"start":{"line":178,"column":4},"end":{"line":178,"column":111}},"type":"if","locations":[{"start":{"line":178,"column":4},"end":{"line":178,"column":111}},{"start":{},"end":{}}],"line":178},"25":{"loc":{"start":{"line":178,"column":8},"end":{"line":178,"column":78}},"type":"binary-expr","locations":[{"start":{"line":178,"column":8},"end":{"line":178,"column":28}},{"start":{"line":178,"column":33},"end":{"line":178,"column":52}},{"start":{"line":178,"column":56},"end":{"line":178,"column":77}}],"line":178},"26":{"loc":{"start":{"line":179,"column":4},"end":{"line":179,"column":117}},"type":"if","locations":[{"start":{"line":179,"column":4},"end":{"line":179,"column":117}},{"start":{},"end":{}}],"line":179},"27":{"loc":{"start":{"line":179,"column":8},"end":{"line":179,"column":74}},"type":"binary-expr","locations":[{"start":{"line":179,"column":8},"end":{"line":179,"column":39}},{"start":{"line":179,"column":43},"end":{"line":179,"column":74}}],"line":179},"28":{"loc":{"start":{"line":180,"column":4},"end":{"line":180,"column":99}},"type":"if","locations":[{"start":{"line":180,"column":4},"end":{"line":180,"column":99}},{"start":{},"end":{}}],"line":180},"29":{"loc":{"start":{"line":180,"column":8},"end":{"line":180,"column":63}},"type":"binary-expr","locations":[{"start":{"line":180,"column":8},"end":{"line":180,"column":31}},{"start":{"line":180,"column":35},"end":{"line":180,"column":63}}],"line":180},"30":{"loc":{"start":{"line":181,"column":4},"end":{"line":181,"column":87}},"type":"if","locations":[{"start":{"line":181,"column":4},"end":{"line":181,"column":87}},{"start":{},"end":{}}],"line":181},"31":{"loc":{"start":{"line":181,"column":8},"end":{"line":181,"column":54}},"type":"binary-expr","locations":[{"start":{"line":181,"column":8},"end":{"line":181,"column":28}},{"start":{"line":181,"column":32},"end":{"line":181,"column":54}}],"line":181},"32":{"loc":{"start":{"line":182,"column":4},"end":{"line":184,"column":5}},"type":"if","locations":[{"start":{"line":182,"column":4},"end":{"line":184,"column":5}},{"start":{},"end":{}}],"line":182},"33":{"loc":{"start":{"line":197,"column":4},"end":{"line":197,"column":57}},"type":"if","locations":[{"start":{"line":197,"column":4},"end":{"line":197,"column":57}},{"start":{},"end":{}}],"line":197},"34":{"loc":{"start":{"line":198,"column":4},"end":{"line":198,"column":72}},"type":"if","locations":[{"start":{"line":198,"column":4},"end":{"line":198,"column":72}},{"start":{},"end":{}}],"line":198},"35":{"loc":{"start":{"line":199,"column":4},"end":{"line":199,"column":66}},"type":"if","locations":[{"start":{"line":199,"column":4},"end":{"line":199,"column":66}},{"start":{},"end":{}}],"line":199},"36":{"loc":{"start":{"line":200,"column":4},"end":{"line":200,"column":57}},"type":"if","locations":[{"start":{"line":200,"column":4},"end":{"line":200,"column":57}},{"start":{},"end":{}}],"line":200},"37":{"loc":{"start":{"line":201,"column":4},"end":{"line":201,"column":73}},"type":"if","locations":[{"start":{"line":201,"column":4},"end":{"line":201,"column":73}},{"start":{},"end":{}}],"line":201},"38":{"loc":{"start":{"line":202,"column":4},"end":{"line":202,"column":64}},"type":"if","locations":[{"start":{"line":202,"column":4},"end":{"line":202,"column":64}},{"start":{},"end":{}}],"line":202},"39":{"loc":{"start":{"line":203,"column":4},"end":{"line":203,"column":91}},"type":"if","locations":[{"start":{"line":203,"column":4},"end":{"line":203,"column":91}},{"start":{},"end":{}}],"line":203},"40":{"loc":{"start":{"line":204,"column":4},"end":{"line":204,"column":92}},"type":"if","locations":[{"start":{"line":204,"column":4},"end":{"line":204,"column":92}},{"start":{},"end":{}}],"line":204},"41":{"loc":{"start":{"line":206,"column":4},"end":{"line":208,"column":5}},"type":"if","locations":[{"start":{"line":206,"column":4},"end":{"line":208,"column":5}},{"start":{},"end":{}}],"line":206},"42":{"loc":{"start":{"line":223,"column":4},"end":{"line":239,"column":5}},"type":"if","locations":[{"start":{"line":223,"column":4},"end":{"line":239,"column":5}},{"start":{},"end":{}}],"line":223},"43":{"loc":{"start":{"line":223,"column":8},"end":{"line":223,"column":43}},"type":"binary-expr","locations":[{"start":{"line":223,"column":8},"end":{"line":223,"column":14}},{"start":{"line":223,"column":18},"end":{"line":223,"column":43}}],"line":223},"44":{"loc":{"start":{"line":254,"column":4},"end":{"line":256,"column":5}},"type":"if","locations":[{"start":{"line":254,"column":4},"end":{"line":256,"column":5}},{"start":{},"end":{}}],"line":254},"45":{"loc":{"start":{"line":257,"column":4},"end":{"line":259,"column":5}},"type":"if","locations":[{"start":{"line":257,"column":4},"end":{"line":259,"column":5}},{"start":{},"end":{}}],"line":257},"46":{"loc":{"start":{"line":261,"column":4},"end":{"line":263,"column":5}},"type":"if","locations":[{"start":{"line":261,"column":4},"end":{"line":263,"column":5}},{"start":{},"end":{}}],"line":261}},"s":{"0":1,"1":1,"2":1,"3":1,"4":1,"5":1,"6":0,"7":1,"8":0,"9":0,"10":0,"11":0,"12":0,"13":0,"14":0,"15":0,"16":0,"17":0,"18":1,"19":0,"20":0,"21":0,"22":0,"23":0,"24":0,"25":0,"26":0,"27":0,"28":0,"29":0,"30":0,"31":1,"32":2,"33":2,"34":2,"35":1,"36":1,"37":1,"38":1,"39":1,"40":1,"41":0,"42":1,"43":0,"44":1,"45":0,"46":1,"47":1,"48":0,"49":0,"50":0,"51":0,"52":0,"53":0,"54":0,"55":0,"56":0,"57":0,"58":0,"59":0,"60":0,"61":0,"62":0,"63":0,"64":2,"65":1,"66":1,"67":1,"68":1,"69":1,"70":0,"71":1,"72":1,"73":0,"74":1,"75":1,"76":1,"77":0,"78":1,"79":1,"80":1,"81":1,"82":1,"83":1,"84":0,"85":0,"86":0,"87":0,"88":0,"89":0,"90":0,"91":0,"92":0,"93":0,"94":0,"95":0,"96":0,"97":0,"98":0,"99":0,"100":0,"101":0,"102":0,"103":0,"104":0,"105":0,"106":0,"107":0,"108":0,"109":0,"110":0,"111":0,"112":0,"113":0,"114":0,"115":0,"116":0,"117":0,"118":0,"119":0,"120":0,"121":0,"122":0,"123":0,"124":0,"125":0,"126":0,"127":0,"128":0,"129":0,"130":0,"131":0,"132":0,"133":0,"134":0,"135":0,"136":0,"137":1,"138":1,"139":0,"140":0,"141":0,"142":0,"143":0,"144":0,"145":0,"146":0,"147":0,"148":0,"149":0,"150":0,"151":0,"152":0,"153":0,"154":0,"155":0,"156":0,"157":1},"f":{"0":0,"1":0,"2":0,"3":2,"4":1,"5":1,"6":0,"7":0},"b":{"0":[0,0],"1":[0,0],"2":[0,0],"3":[0,0],"4":[0,0],"5":[1,1],"6":[0],"7":[0],"8":[1,0],"9":[1,0],"10":[0,1],"11":[0,1],"12":[0,1],"13":[1,0],"14":[0,0],"15":[0,0],"16":[0,0],"17":[0,0],"18":[0,1],"19":[0,1],"20":[0,1],"21":[1,1],"22":[1,0],"23":[1,0],"24":[0,0],"25":[0,0,0],"26":[0,0],"27":[0,0],"28":[0,0],"29":[0,0],"30":[0,0],"31":[0,0],"32":[0,0],"33":[0,0],"34":[0,0],"35":[0,0],"36":[0,0],"37":[0,0],"38":[0,0],"39":[0,0],"40":[0,0],"41":[0,0],"42":[0,0],"43":[0,0],"44":[0,0],"45":[0,0],"46":[0,0]},"_coverageSchema":"1a1c01bbd47fc00a2c39e90264f33305004495a9","hash":"4efdf44b03f5c56d37f3f3fb53eaadc002f84a0a"}
,"C:\\Users\\lua22\\Desktop\\ecatepec\\TaskOrbit\\server\\modules\\proyectos\\proyectos.routes.js": {"path":"C:\\Users\\lua22\\Desktop\\ecatepec\\TaskOrbit\\server\\modules\\proyectos\\proyectos.routes.js","statementMap":{"0":{"start":{"line":1,"column":16},"end":{"line":1,"column":34}},"1":{"start":{"line":2,"column":15},"end":{"line":2,"column":31}},"2":{"start":{"line":3,"column":28},"end":{"line":3,"column":61}},"3":{"start":{"line":4,"column":23},"end":{"line":4,"column":67}},"4":{"start":{"line":6,"column":0},"end":{"line":6,"column":27}},"5":{"start":{"line":8,"column":0},"end":{"line":8,"column":50}},"6":{"start":{"line":9,"column":0},"end":{"line":9,"column":56}},"7":{"start":{"line":10,"column":0},"end":{"line":10,"column":53}},"8":{"start":{"line":11,"column":0},"end":{"line":11,"column":55}},"9":{"start":{"line":12,"column":0},"end":{"line":12,"column":58}},"10":{"start":{"line":14,"column":0},"end":{"line":14,"column":24}}},"fnMap":{},"branchMap":{},"s":{"0":0,"1":0,"2":0,"3":0,"4":0,"5":0,"6":0,"7":0,"8":0,"9":0,"10":0},"f":{},"b":{}}
,"C:\\Users\\lua22\\Desktop\\ecatepec\\TaskOrbit\\server\\modules\\tareas\\tareas.controller.js": {"path":"C:\\Users\\lua22\\Desktop\\ecatepec\\TaskOrbit\\server\\modules\\tareas\\tareas.controller.js","statementMap":{"0":{"start":{"line":1,"column":11},"end":{"line":1,"column":37}},"1":{"start":{"line":2,"column":26},"end":{"line":2,"column":58}},"2":{"start":{"line":3,"column":80},"end":{"line":3,"column":113}},"3":{"start":{"line":4,"column":21},"end":{"line":4,"column":49}},"4":{"start":{"line":5,"column":31},"end":{"line":5,"column":81}},"5":{"start":{"line":7,"column":20},"end":{"line":21,"column":2}},"6":{"start":{"line":7,"column":30},"end":{"line":21,"column":1}},"7":{"start":{"line":23,"column":18},"end":{"line":45,"column":1}},"8":{"start":{"line":24,"column":2},"end":{"line":44,"column":3}},"9":{"start":{"line":25,"column":23},"end":{"line":25,"column":81}},"10":{"start":{"line":26,"column":4},"end":{"line":28,"column":5}},"11":{"start":{"line":27,"column":6},"end":{"line":27,"column":55}},"12":{"start":{"line":29,"column":19},"end":{"line":29,"column":21}},"13":{"start":{"line":30,"column":18},"end":{"line":30,"column":20}},"14":{"start":{"line":31,"column":4},"end":{"line":34,"column":5}},"15":{"start":{"line":32,"column":6},"end":{"line":32,"column":56}},"16":{"start":{"line":33,"column":6},"end":{"line":33,"column":30}},"17":{"start":{"line":35,"column":4},"end":{"line":38,"column":5}},"18":{"start":{"line":36,"column":6},"end":{"line":36,"column":64}},"19":{"start":{"line":37,"column":6},"end":{"line":37,"column":31}},"20":{"start":{"line":39,"column":24},"end":{"line":39,"column":78}},"21":{"start":{"line":40,"column":19},"end":{"line":40,"column":108}},"22":{"start":{"line":41,"column":4},"end":{"line":41,"column":74}},"23":{"start":{"line":43,"column":4},"end":{"line":43,"column":16}},"24":{"start":{"line":47,"column":21},"end":{"line":65,"column":1}},"25":{"start":{"line":48,"column":2},"end":{"line":64,"column":3}},"26":{"start":{"line":49,"column":15},"end":{"line":49,"column":36}},"27":{"start":{"line":50,"column":4},"end":{"line":52,"column":5}},"28":{"start":{"line":51,"column":6},"end":{"line":51,"column":49}},"29":{"start":{"line":53,"column":19},"end":{"line":53,"column":80}},"30":{"start":{"line":54,"column":4},"end":{"line":56,"column":5}},"31":{"start":{"line":55,"column":6},"end":{"line":55,"column":57}},"32":{"start":{"line":57,"column":18},"end":{"line":57,"column":32}},"33":{"start":{"line":58,"column":4},"end":{"line":60,"column":5}},"34":{"start":{"line":59,"column":6},"end":{"line":59,"column":53}},"35":{"start":{"line":61,"column":4},"end":{"line":61,"column":62}},"36":{"start":{"line":63,"column":4},"end":{"line":63,"column":16}},"37":{"start":{"line":67,"column":20},"end":{"line":160,"column":1}},"38":{"start":{"line":68,"column":17},"end":{"line":68,"column":40}},"39":{"start":{"line":69,"column":2},"end":{"line":159,"column":3}},"40":{"start":{"line":70,"column":4},"end":{"line":72,"column":5}},"41":{"start":{"line":71,"column":6},"end":{"line":71,"column":74}},"42":{"start":{"line":83,"column":8},"end":{"line":83,"column":16}},"43":{"start":{"line":85,"column":19},"end":{"line":85,"column":21}},"44":{"start":{"line":86,"column":4},"end":{"line":86,"column":67}},"45":{"start":{"line":86,"column":34},"end":{"line":86,"column":67}},"46":{"start":{"line":87,"column":4},"end":{"line":87,"column":85}},"47":{"start":{"line":87,"column":54},"end":{"line":87,"column":85}},"48":{"start":{"line":88,"column":4},"end":{"line":90,"column":5}},"49":{"start":{"line":89,"column":6},"end":{"line":89,"column":47}},"50":{"start":{"line":91,"column":4},"end":{"line":91,"column":72}},"51":{"start":{"line":91,"column":38},"end":{"line":91,"column":72}},"52":{"start":{"line":92,"column":4},"end":{"line":92,"column":63}},"53":{"start":{"line":92,"column":32},"end":{"line":92,"column":63}},"54":{"start":{"line":93,"column":4},"end":{"line":95,"column":5}},"55":{"start":{"line":94,"column":6},"end":{"line":94,"column":59}},"56":{"start":{"line":97,"column":27},"end":{"line":97,"column":101}},"57":{"start":{"line":98,"column":4},"end":{"line":100,"column":5}},"58":{"start":{"line":99,"column":6},"end":{"line":99,"column":60}},"59":{"start":{"line":102,"column":4},"end":{"line":102,"column":32}},"60":{"start":{"line":103,"column":24},"end":{"line":109,"column":5}},"61":{"start":{"line":110,"column":25},"end":{"line":120,"column":6}},"62":{"start":{"line":122,"column":20},"end":{"line":122,"column":43}},"63":{"start":{"line":123,"column":4},"end":{"line":129,"column":7}},"64":{"start":{"line":130,"column":4},"end":{"line":130,"column":33}},"65":{"start":{"line":132,"column":19},"end":{"line":132,"column":85}},"66":{"start":{"line":133,"column":18},"end":{"line":133,"column":45}},"67":{"start":{"line":135,"column":4},"end":{"line":151,"column":5}},"68":{"start":{"line":136,"column":20},"end":{"line":136,"column":42}},"69":{"start":{"line":137,"column":22},"end":{"line":137,"column":64}},"70":{"start":{"line":138,"column":23},"end":{"line":138,"column":50}},"71":{"start":{"line":139,"column":6},"end":{"line":150,"column":7}},"72":{"start":{"line":140,"column":8},"end":{"line":149,"column":11}},"73":{"start":{"line":153,"column":4},"end":{"line":153,"column":52}},"74":{"start":{"line":155,"column":4},"end":{"line":155,"column":35}},"75":{"start":{"line":156,"column":4},"end":{"line":156,"column":16}},"76":{"start":{"line":158,"column":4},"end":{"line":158,"column":21}},"77":{"start":{"line":162,"column":20},"end":{"line":272,"column":1}},"78":{"start":{"line":163,"column":17},"end":{"line":163,"column":40}},"79":{"start":{"line":164,"column":2},"end":{"line":271,"column":3}},"80":{"start":{"line":165,"column":15},"end":{"line":165,"column":36}},"81":{"start":{"line":166,"column":4},"end":{"line":168,"column":5}},"82":{"start":{"line":167,"column":6},"end":{"line":167,"column":49}},"83":{"start":{"line":169,"column":26},"end":{"line":169,"column":88}},"84":{"start":{"line":170,"column":4},"end":{"line":172,"column":5}},"85":{"start":{"line":171,"column":6},"end":{"line":171,"column":57}},"86":{"start":{"line":173,"column":20},"end":{"line":173,"column":41}},"87":{"start":{"line":175,"column":19},"end":{"line":175,"column":42}},"88":{"start":{"line":176,"column":4},"end":{"line":178,"column":5}},"89":{"start":{"line":177,"column":6},"end":{"line":177,"column":53}},"90":{"start":{"line":189,"column":8},"end":{"line":189,"column":16}},"91":{"start":{"line":191,"column":4},"end":{"line":197,"column":5}},"92":{"start":{"line":192,"column":29},"end":{"line":193,"column":45}},"93":{"start":{"line":193,"column":25},"end":{"line":193,"column":44}},"94":{"start":{"line":194,"column":6},"end":{"line":196,"column":7}},"95":{"start":{"line":195,"column":8},"end":{"line":195,"column":81}},"96":{"start":{"line":199,"column":19},"end":{"line":199,"column":21}},"97":{"start":{"line":200,"column":4},"end":{"line":200,"column":111}},"98":{"start":{"line":200,"column":80},"end":{"line":200,"column":111}},"99":{"start":{"line":201,"column":4},"end":{"line":203,"column":5}},"100":{"start":{"line":202,"column":6},"end":{"line":202,"column":47}},"101":{"start":{"line":204,"column":4},"end":{"line":204,"column":99}},"102":{"start":{"line":204,"column":65},"end":{"line":204,"column":99}},"103":{"start":{"line":205,"column":4},"end":{"line":205,"column":87}},"104":{"start":{"line":205,"column":56},"end":{"line":205,"column":87}},"105":{"start":{"line":206,"column":4},"end":{"line":208,"column":5}},"106":{"start":{"line":207,"column":6},"end":{"line":207,"column":59}},"107":{"start":{"line":210,"column":4},"end":{"line":210,"column":32}},"108":{"start":{"line":211,"column":19},"end":{"line":211,"column":21}},"109":{"start":{"line":212,"column":19},"end":{"line":212,"column":21}},"110":{"start":{"line":213,"column":14},"end":{"line":213,"column":15}},"111":{"start":{"line":215,"column":21},"end":{"line":219,"column":5}},"112":{"start":{"line":216,"column":6},"end":{"line":216,"column":39}},"113":{"start":{"line":217,"column":6},"end":{"line":217,"column":25}},"114":{"start":{"line":218,"column":6},"end":{"line":218,"column":15}},"115":{"start":{"line":221,"column":4},"end":{"line":221,"column":57}},"116":{"start":{"line":221,"column":30},"end":{"line":221,"column":57}},"117":{"start":{"line":222,"column":4},"end":{"line":222,"column":72}},"118":{"start":{"line":222,"column":35},"end":{"line":222,"column":72}},"119":{"start":{"line":223,"column":4},"end":{"line":223,"column":66}},"120":{"start":{"line":223,"column":33},"end":{"line":223,"column":66}},"121":{"start":{"line":224,"column":4},"end":{"line":224,"column":57}},"122":{"start":{"line":224,"column":30},"end":{"line":224,"column":57}},"123":{"start":{"line":225,"column":4},"end":{"line":225,"column":73}},"124":{"start":{"line":225,"column":35},"end":{"line":225,"column":73}},"125":{"start":{"line":226,"column":4},"end":{"line":226,"column":64}},"126":{"start":{"line":226,"column":32},"end":{"line":226,"column":64}},"127":{"start":{"line":227,"column":4},"end":{"line":227,"column":91}},"128":{"start":{"line":227,"column":41},"end":{"line":227,"column":91}},"129":{"start":{"line":228,"column":4},"end":{"line":228,"column":92}},"130":{"start":{"line":228,"column":41},"end":{"line":228,"column":92}},"131":{"start":{"line":230,"column":4},"end":{"line":232,"column":5}},"132":{"start":{"line":231,"column":6},"end":{"line":231,"column":68}},"133":{"start":{"line":234,"column":4},"end":{"line":234,"column":20}},"134":{"start":{"line":235,"column":24},"end":{"line":235,"column":96}},"135":{"start":{"line":236,"column":4},"end":{"line":236,"column":44}},"136":{"start":{"line":238,"column":4},"end":{"line":241,"column":7}},"137":{"start":{"line":242,"column":4},"end":{"line":242,"column":33}},"138":{"start":{"line":244,"column":19},"end":{"line":244,"column":80}},"139":{"start":{"line":245,"column":18},"end":{"line":245,"column":45}},"140":{"start":{"line":247,"column":4},"end":{"line":263,"column":5}},"141":{"start":{"line":248,"column":20},"end":{"line":248,"column":49}},"142":{"start":{"line":249,"column":22},"end":{"line":249,"column":70}},"143":{"start":{"line":250,"column":23},"end":{"line":250,"column":50}},"144":{"start":{"line":251,"column":6},"end":{"line":262,"column":7}},"145":{"start":{"line":252,"column":8},"end":{"line":261,"column":11}},"146":{"start":{"line":265,"column":4},"end":{"line":265,"column":52}},"147":{"start":{"line":267,"column":4},"end":{"line":267,"column":35}},"148":{"start":{"line":268,"column":4},"end":{"line":268,"column":16}},"149":{"start":{"line":270,"column":4},"end":{"line":270,"column":21}},"150":{"start":{"line":274,"column":20},"end":{"line":299,"column":1}},"151":{"start":{"line":275,"column":17},"end":{"line":275,"column":40}},"152":{"start":{"line":276,"column":2},"end":{"line":298,"column":3}},"153":{"start":{"line":277,"column":15},"end":{"line":277,"column":36}},"154":{"start":{"line":278,"column":4},"end":{"line":280,"column":5}},"155":{"start":{"line":279,"column":6},"end":{"line":279,"column":49}},"156":{"start":{"line":281,"column":4},"end":{"line":283,"column":5}},"157":{"start":{"line":282,"column":6},"end":{"line":282,"column":77}},"158":{"start":{"line":284,"column":26},"end":{"line":284,"column":88}},"159":{"start":{"line":285,"column":4},"end":{"line":287,"column":5}},"160":{"start":{"line":286,"column":6},"end":{"line":286,"column":57}},"161":{"start":{"line":288,"column":4},"end":{"line":288,"column":32}},"162":{"start":{"line":289,"column":4},"end":{"line":289,"column":65}},"163":{"start":{"line":290,"column":4},"end":{"line":290,"column":83}},"164":{"start":{"line":291,"column":4},"end":{"line":291,"column":33}},"165":{"start":{"line":292,"column":4},"end":{"line":292,"column":51}},"166":{"start":{"line":294,"column":4},"end":{"line":294,"column":35}},"167":{"start":{"line":295,"column":4},"end":{"line":295,"column":16}},"168":{"start":{"line":297,"column":4},"end":{"line":297,"column":21}},"169":{"start":{"line":301,"column":0},"end":{"line":307,"column":2}}},"fnMap":{"0":{"name":"(anonymous_0)","decl":{"start":{"line":7,"column":20},"end":{"line":7,"column":21}},"loc":{"start":{"line":7,"column":30},"end":{"line":21,"column":1}},"line":7},"1":{"name":"(anonymous_1)","decl":{"start":{"line":23,"column":18},"end":{"line":23,"column":19}},"loc":{"start":{"line":23,"column":44},"end":{"line":45,"column":1}},"line":23},"2":{"name":"(anonymous_2)","decl":{"start":{"line":47,"column":21},"end":{"line":47,"column":22}},"loc":{"start":{"line":47,"column":47},"end":{"line":65,"column":1}},"line":47},"3":{"name":"(anonymous_3)","decl":{"start":{"line":67,"column":20},"end":{"line":67,"column":21}},"loc":{"start":{"line":67,"column":46},"end":{"line":160,"column":1}},"line":67},"4":{"name":"(anonymous_4)","decl":{"start":{"line":162,"column":20},"end":{"line":162,"column":21}},"loc":{"start":{"line":162,"column":46},"end":{"line":272,"column":1}},"line":162},"5":{"name":"(anonymous_5)","decl":{"start":{"line":193,"column":14},"end":{"line":193,"column":15}},"loc":{"start":{"line":193,"column":25},"end":{"line":193,"column":44}},"line":193},"6":{"name":"(anonymous_6)","decl":{"start":{"line":215,"column":21},"end":{"line":215,"column":22}},"loc":{"start":{"line":215,"column":38},"end":{"line":219,"column":5}},"line":215},"7":{"name":"(anonymous_7)","decl":{"start":{"line":274,"column":20},"end":{"line":274,"column":21}},"loc":{"start":{"line":274,"column":46},"end":{"line":299,"column":1}},"line":274}},"branchMap":{"0":{"loc":{"start":{"line":25,"column":23},"end":{"line":25,"column":81}},"type":"cond-expr","locations":[{"start":{"line":25,"column":46},"end":{"line":25,"column":74}},{"start":{"line":25,"column":77},"end":{"line":25,"column":81}}],"line":25},"1":{"loc":{"start":{"line":26,"column":4},"end":{"line":28,"column":5}},"type":"if","locations":[{"start":{"line":26,"column":4},"end":{"line":28,"column":5}},{"start":{},"end":{}}],"line":26},"2":{"loc":{"start":{"line":26,"column":8},"end":{"line":26,"column":46}},"type":"binary-expr","locations":[{"start":{"line":26,"column":8},"end":{"line":26,"column":18}},{"start":{"line":26,"column":22},"end":{"line":26,"column":46}}],"line":26},"3":{"loc":{"start":{"line":31,"column":4},"end":{"line":34,"column":5}},"type":"if","locations":[{"start":{"line":31,"column":4},"end":{"line":34,"column":5}},{"start":{},"end":{}}],"line":31},"4":{"loc":{"start":{"line":35,"column":4},"end":{"line":38,"column":5}},"type":"if","locations":[{"start":{"line":35,"column":4},"end":{"line":38,"column":5}},{"start":{},"end":{}}],"line":35},"5":{"loc":{"start":{"line":39,"column":24},"end":{"line":39,"column":78}},"type":"cond-expr","locations":[{"start":{"line":39,"column":43},"end":{"line":39,"column":73}},{"start":{"line":39,"column":76},"end":{"line":39,"column":78}}],"line":39},"6":{"loc":{"start":{"line":50,"column":4},"end":{"line":52,"column":5}},"type":"if","locations":[{"start":{"line":50,"column":4},"end":{"line":52,"column":5}},{"start":{},"end":{}}],"line":50},"7":{"loc":{"start":{"line":54,"column":4},"end":{"line":56,"column":5}},"type":"if","locations":[{"start":{"line":54,"column":4},"end":{"line":56,"column":5}},{"start":{},"end":{}}],"line":54},"8":{"loc":{"start":{"line":58,"column":4},"end":{"line":60,"column":5}},"type":"if","locations":[{"start":{"line":58,"column":4},"end":{"line":60,"column":5}},{"start":{},"end":{}}],"line":58},"9":{"loc":{"start":{"line":58,"column":8},"end":{"line":58,"column":76}},"type":"binary-expr","locations":[{"start":{"line":58,"column":8},"end":{"line":58,"column":31}},{"start":{"line":58,"column":35},"end":{"line":58,"column":76}}],"line":58},"10":{"loc":{"start":{"line":70,"column":4},"end":{"line":72,"column":5}},"type":"if","locations":[{"start":{"line":70,"column":4},"end":{"line":72,"column":5}},{"start":{},"end":{}}],"line":70},"11":{"loc":{"start":{"line":77,"column":6},"end":{"line":77,"column":25}},"type":"default-arg","locations":[{"start":{"line":77,"column":18},"end":{"line":77,"column":25}}],"line":77},"12":{"loc":{"start":{"line":78,"column":6},"end":{"line":78,"column":26}},"type":"default-arg","locations":[{"start":{"line":78,"column":15},"end":{"line":78,"column":26}}],"line":78},"13":{"loc":{"start":{"line":86,"column":4},"end":{"line":86,"column":67}},"type":"if","locations":[{"start":{"line":86,"column":4},"end":{"line":86,"column":67}},{"start":{},"end":{}}],"line":86},"14":{"loc":{"start":{"line":87,"column":4},"end":{"line":87,"column":85}},"type":"if","locations":[{"start":{"line":87,"column":4},"end":{"line":87,"column":85}},{"start":{},"end":{}}],"line":87},"15":{"loc":{"start":{"line":87,"column":8},"end":{"line":87,"column":52}},"type":"binary-expr","locations":[{"start":{"line":87,"column":8},"end":{"line":87,"column":27}},{"start":{"line":87,"column":31},"end":{"line":87,"column":52}}],"line":87},"16":{"loc":{"start":{"line":88,"column":4},"end":{"line":90,"column":5}},"type":"if","locations":[{"start":{"line":88,"column":4},"end":{"line":90,"column":5}},{"start":{},"end":{}}],"line":88},"17":{"loc":{"start":{"line":88,"column":8},"end":{"line":88,"column":104}},"type":"binary-expr","locations":[{"start":{"line":88,"column":8},"end":{"line":88,"column":39}},{"start":{"line":88,"column":43},"end":{"line":88,"column":69}},{"start":{"line":88,"column":73},"end":{"line":88,"column":104}}],"line":88},"18":{"loc":{"start":{"line":91,"column":4},"end":{"line":91,"column":72}},"type":"if","locations":[{"start":{"line":91,"column":4},"end":{"line":91,"column":72}},{"start":{},"end":{}}],"line":91},"19":{"loc":{"start":{"line":92,"column":4},"end":{"line":92,"column":63}},"type":"if","locations":[{"start":{"line":92,"column":4},"end":{"line":92,"column":63}},{"start":{},"end":{}}],"line":92},"20":{"loc":{"start":{"line":93,"column":4},"end":{"line":95,"column":5}},"type":"if","locations":[{"start":{"line":93,"column":4},"end":{"line":95,"column":5}},{"start":{},"end":{}}],"line":93},"21":{"loc":{"start":{"line":98,"column":4},"end":{"line":100,"column":5}},"type":"if","locations":[{"start":{"line":98,"column":4},"end":{"line":100,"column":5}},{"start":{},"end":{}}],"line":98},"22":{"loc":{"start":{"line":113,"column":6},"end":{"line":113,"column":25}},"type":"binary-expr","locations":[{"start":{"line":113,"column":6},"end":{"line":113,"column":17}},{"start":{"line":113,"column":21},"end":{"line":113,"column":25}}],"line":113},"23":{"loc":{"start":{"line":116,"column":6},"end":{"line":116,"column":25}},"type":"binary-expr","locations":[{"start":{"line":116,"column":6},"end":{"line":116,"column":17}},{"start":{"line":116,"column":21},"end":{"line":116,"column":25}}],"line":116},"24":{"loc":{"start":{"line":117,"column":6},"end":{"line":117,"column":22}},"type":"binary-expr","locations":[{"start":{"line":117,"column":6},"end":{"line":117,"column":14}},{"start":{"line":117,"column":18},"end":{"line":117,"column":22}}],"line":117},"25":{"loc":{"start":{"line":118,"column":6},"end":{"line":118,"column":31}},"type":"binary-expr","locations":[{"start":{"line":118,"column":6},"end":{"line":118,"column":23}},{"start":{"line":118,"column":27},"end":{"line":118,"column":31}}],"line":118},"26":{"loc":{"start":{"line":119,"column":6},"end":{"line":119,"column":31}},"type":"binary-expr","locations":[{"start":{"line":119,"column":6},"end":{"line":119,"column":23}},{"start":{"line":119,"column":27},"end":{"line":119,"column":31}}],"line":119},"27":{"loc":{"start":{"line":135,"column":4},"end":{"line":151,"column":5}},"type":"if","locations":[{"start":{"line":135,"column":4},"end":{"line":151,"column":5}},{"start":{},"end":{}}],"line":135},"28":{"loc":{"start":{"line":166,"column":4},"end":{"line":168,"column":5}},"type":"if","locations":[{"start":{"line":166,"column":4},"end":{"line":168,"column":5}},{"start":{},"end":{}}],"line":166},"29":{"loc":{"start":{"line":170,"column":4},"end":{"line":172,"column":5}},"type":"if","locations":[{"start":{"line":170,"column":4},"end":{"line":172,"column":5}},{"start":{},"end":{}}],"line":170},"30":{"loc":{"start":{"line":176,"column":4},"end":{"line":178,"column":5}},"type":"if","locations":[{"start":{"line":176,"column":4},"end":{"line":178,"column":5}},{"start":{},"end":{}}],"line":176},"31":{"loc":{"start":{"line":176,"column":8},"end":{"line":176,"column":61}},"type":"binary-expr","locations":[{"start":{"line":176,"column":8},"end":{"line":176,"column":14}},{"start":{"line":176,"column":18},"end":{"line":176,"column":61}}],"line":176},"32":{"loc":{"start":{"line":191,"column":4},"end":{"line":197,"column":5}},"type":"if","locations":[{"start":{"line":191,"column":4},"end":{"line":197,"column":5}},{"start":{},"end":{}}],"line":191},"33":{"loc":{"start":{"line":194,"column":6},"end":{"line":196,"column":7}},"type":"if","locations":[{"start":{"line":194,"column":6},"end":{"line":196,"column":7}},{"start":{},"end":{}}],"line":194},"34":{"loc":{"start":{"line":200,"column":4},"end":{"line":200,"column":111}},"type":"if","locations":[{"start":{"line":200,"column":4},"end":{"line":200,"column":111}},{"start":{},"end":{}}],"line":200},"35":{"loc":{"start":{"line":200,"column":8},"end":{"line":200,"column":78}},"type":"binary-expr","locations":[{"start":{"line":200,"column":8},"end":{"line":200,"column":28}},{"start":{"line":200,"column":33},"end":{"line":200,"column":52}},{"start":{"line":200,"column":56},"end":{"line":200,"column":77}}],"line":200},"36":{"loc":{"start":{"line":201,"column":4},"end":{"line":203,"column":5}},"type":"if","locations":[{"start":{"line":201,"column":4},"end":{"line":203,"column":5}},{"start":{},"end":{}}],"line":201},"37":{"loc":{"start":{"line":201,"column":8},"end":{"line":201,"column":104}},"type":"binary-expr","locations":[{"start":{"line":201,"column":8},"end":{"line":201,"column":39}},{"start":{"line":201,"column":43},"end":{"line":201,"column":69}},{"start":{"line":201,"column":73},"end":{"line":201,"column":104}}],"line":201},"38":{"loc":{"start":{"line":204,"column":4},"end":{"line":204,"column":99}},"type":"if","locations":[{"start":{"line":204,"column":4},"end":{"line":204,"column":99}},{"start":{},"end":{}}],"line":204},"39":{"loc":{"start":{"line":204,"column":8},"end":{"line":204,"column":63}},"type":"binary-expr","locations":[{"start":{"line":204,"column":8},"end":{"line":204,"column":31}},{"start":{"line":204,"column":35},"end":{"line":204,"column":63}}],"line":204},"40":{"loc":{"start":{"line":205,"column":4},"end":{"line":205,"column":87}},"type":"if","locations":[{"start":{"line":205,"column":4},"end":{"line":205,"column":87}},{"start":{},"end":{}}],"line":205},"41":{"loc":{"start":{"line":205,"column":8},"end":{"line":205,"column":54}},"type":"binary-expr","locations":[{"start":{"line":205,"column":8},"end":{"line":205,"column":28}},{"start":{"line":205,"column":32},"end":{"line":205,"column":54}}],"line":205},"42":{"loc":{"start":{"line":206,"column":4},"end":{"line":208,"column":5}},"type":"if","locations":[{"start":{"line":206,"column":4},"end":{"line":208,"column":5}},{"start":{},"end":{}}],"line":206},"43":{"loc":{"start":{"line":221,"column":4},"end":{"line":221,"column":57}},"type":"if","locations":[{"start":{"line":221,"column":4},"end":{"line":221,"column":57}},{"start":{},"end":{}}],"line":221},"44":{"loc":{"start":{"line":222,"column":4},"end":{"line":222,"column":72}},"type":"if","locations":[{"start":{"line":222,"column":4},"end":{"line":222,"column":72}},{"start":{},"end":{}}],"line":222},"45":{"loc":{"start":{"line":223,"column":4},"end":{"line":223,"column":66}},"type":"if","locations":[{"start":{"line":223,"column":4},"end":{"line":223,"column":66}},{"start":{},"end":{}}],"line":223},"46":{"loc":{"start":{"line":224,"column":4},"end":{"line":224,"column":57}},"type":"if","locations":[{"start":{"line":224,"column":4},"end":{"line":224,"column":57}},{"start":{},"end":{}}],"line":224},"47":{"loc":{"start":{"line":225,"column":4},"end":{"line":225,"column":73}},"type":"if","locations":[{"start":{"line":225,"column":4},"end":{"line":225,"column":73}},{"start":{},"end":{}}],"line":225},"48":{"loc":{"start":{"line":226,"column":4},"end":{"line":226,"column":64}},"type":"if","locations":[{"start":{"line":226,"column":4},"end":{"line":226,"column":64}},{"start":{},"end":{}}],"line":226},"49":{"loc":{"start":{"line":227,"column":4},"end":{"line":227,"column":91}},"type":"if","locations":[{"start":{"line":227,"column":4},"end":{"line":227,"column":91}},{"start":{},"end":{}}],"line":227},"50":{"loc":{"start":{"line":228,"column":4},"end":{"line":228,"column":92}},"type":"if","locations":[{"start":{"line":228,"column":4},"end":{"line":228,"column":92}},{"start":{},"end":{}}],"line":228},"51":{"loc":{"start":{"line":230,"column":4},"end":{"line":232,"column":5}},"type":"if","locations":[{"start":{"line":230,"column":4},"end":{"line":232,"column":5}},{"start":{},"end":{}}],"line":230},"52":{"loc":{"start":{"line":247,"column":4},"end":{"line":263,"column":5}},"type":"if","locations":[{"start":{"line":247,"column":4},"end":{"line":263,"column":5}},{"start":{},"end":{}}],"line":247},"53":{"loc":{"start":{"line":247,"column":8},"end":{"line":247,"column":70}},"type":"binary-expr","locations":[{"start":{"line":247,"column":8},"end":{"line":247,"column":14}},{"start":{"line":247,"column":18},"end":{"line":247,"column":43}},{"start":{"line":247,"column":47},"end":{"line":247,"column":70}}],"line":247},"54":{"loc":{"start":{"line":278,"column":4},"end":{"line":280,"column":5}},"type":"if","locations":[{"start":{"line":278,"column":4},"end":{"line":280,"column":5}},{"start":{},"end":{}}],"line":278},"55":{"loc":{"start":{"line":281,"column":4},"end":{"line":283,"column":5}},"type":"if","locations":[{"start":{"line":281,"column":4},"end":{"line":283,"column":5}},{"start":{},"end":{}}],"line":281},"56":{"loc":{"start":{"line":285,"column":4},"end":{"line":287,"column":5}},"type":"if","locations":[{"start":{"line":285,"column":4},"end":{"line":287,"column":5}},{"start":{},"end":{}}],"line":285}},"s":{"0":1,"1":1,"2":1,"3":1,"4":1,"5":1,"6":0,"7":1,"8":0,"9":0,"10":0,"11":0,"12":0,"13":0,"14":0,"15":0,"16":0,"17":0,"18":0,"19":0,"20":0,"21":0,"22":0,"23":0,"24":1,"25":0,"26":0,"27":0,"28":0,"29":0,"30":0,"31":0,"32":0,"33":0,"34":0,"35":0,"36":0,"37":1,"38":2,"39":2,"40":2,"41":1,"42":1,"43":1,"44":1,"45":1,"46":1,"47":0,"48":1,"49":0,"50":1,"51":0,"52":1,"53":0,"54":1,"55":1,"56":0,"57":0,"58":0,"59":0,"60":0,"61":0,"62":0,"63":0,"64":0,"65":0,"66":0,"67":0,"68":0,"69":0,"70":0,"71":0,"72":0,"73":0,"74":0,"75":0,"76":2,"77":1,"78":1,"79":1,"80":1,"81":1,"82":0,"83":1,"84":1,"85":0,"86":1,"87":1,"88":1,"89":0,"90":1,"91":1,"92":1,"93":1,"94":1,"95":1,"96":0,"97":0,"98":0,"99":0,"100":0,"101":0,"102":0,"103":0,"104":0,"105":0,"106":0,"107":0,"108":0,"109":0,"110":0,"111":0,"112":0,"113":0,"114":0,"115":0,"116":0,"117":0,"118":0,"119":0,"120":0,"121":0,"122":0,"123":0,"124":0,"125":0,"126":0,"127":0,"128":0,"129":0,"130":0,"131":0,"132":0,"133":0,"134":0,"135":0,"136":0,"137":0,"138":0,"139":0,"140":0,"141":0,"142":0,"143":0,"144":0,"145":0,"146":0,"147":0,"148":0,"149":1,"150":1,"151":0,"152":0,"153":0,"154":0,"155":0,"156":0,"157":0,"158":0,"159":0,"160":0,"161":0,"162":0,"163":0,"164":0,"165":0,"166":0,"167":0,"168":0,"169":1},"f":{"0":0,"1":0,"2":0,"3":2,"4":1,"5":1,"6":0,"7":0},"b":{"0":[0,0],"1":[0,0],"2":[0,0],"3":[0,0],"4":[0,0],"5":[0,0],"6":[0,0],"7":[0,0],"8":[0,0],"9":[0,0],"10":[1,1],"11":[0],"12":[0],"13":[1,0],"14":[0,1],"15":[1,1],"16":[0,1],"17":[1,0,0],"18":[0,1],"19":[0,1],"20":[1,0],"21":[0,0],"22":[0,0],"23":[0,0],"24":[0,0],"25":[0,0],"26":[0,0],"27":[0,0],"28":[0,1],"29":[0,1],"30":[0,1],"31":[1,1],"32":[1,0],"33":[1,0],"34":[0,0],"35":[0,0,0],"36":[0,0],"37":[0,0,0],"38":[0,0],"39":[0,0],"40":[0,0],"41":[0,0],"42":[0,0],"43":[0,0],"44":[0,0],"45":[0,0],"46":[0,0],"47":[0,0],"48":[0,0],"49":[0,0],"50":[0,0],"51":[0,0],"52":[0,0],"53":[0,0,0],"54":[0,0],"55":[0,0],"56":[0,0]},"_coverageSchema":"1a1c01bbd47fc00a2c39e90264f33305004495a9","hash":"ece4411db3339a6529b091bd0cc3f1e3cd03d9fc"}
,"C:\\Users\\lua22\\Desktop\\ecatepec\\TaskOrbit\\server\\modules\\tareas\\tareas.routes.js": {"path":"C:\\Users\\lua22\\Desktop\\ecatepec\\TaskOrbit\\server\\modules\\tareas\\tareas.routes.js","statementMap":{"0":{"start":{"line":1,"column":16},"end":{"line":1,"column":34}},"1":{"start":{"line":2,"column":15},"end":{"line":2,"column":31}},"2":{"start":{"line":3,"column":25},"end":{"line":3,"column":55}},"3":{"start":{"line":4,"column":23},"end":{"line":4,"column":67}},"4":{"start":{"line":6,"column":0},"end":{"line":6,"column":27}},"5":{"start":{"line":8,"column":0},"end":{"line":8,"column":44}},"6":{"start":{"line":9,"column":0},"end":{"line":9,"column":50}},"7":{"start":{"line":10,"column":0},"end":{"line":10,"column":47}},"8":{"start":{"line":11,"column":0},"end":{"line":11,"column":49}},"9":{"start":{"line":12,"column":0},"end":{"line":12,"column":52}},"10":{"start":{"line":14,"column":0},"end":{"line":14,"column":24}}},"fnMap":{},"branchMap":{},"s":{"0":0,"1":0,"2":0,"3":0,"4":0,"5":0,"6":0,"7":0,"8":0,"9":0,"10":0},"f":{},"b":{}}
,"C:\\Users\\lua22\\Desktop\\ecatepec\\TaskOrbit\\server\\utils\\validators.js": {"path":"C:\\Users\\lua22\\Desktop\\ecatepec\\TaskOrbit\\server\\utils\\validators.js","statementMap":{"0":{"start":{"line":6,"column":19},"end":{"line":10,"column":1}},"1":{"start":{"line":7,"column":4},"end":{"line":7,"column":60}},"2":{"start":{"line":7,"column":47},"end":{"line":7,"column":60}},"3":{"start":{"line":8,"column":4},"end":{"line":8,"column":71}},"4":{"start":{"line":8,"column":58},"end":{"line":8,"column":71}},"5":{"start":{"line":9,"column":4},"end":{"line":9,"column":16}},"6":{"start":{"line":18,"column":18},"end":{"line":21,"column":1}},"7":{"start":{"line":19,"column":4},"end":{"line":19,"column":58}},"8":{"start":{"line":19,"column":45},"end":{"line":19,"column":58}},"9":{"start":{"line":20,"column":4},"end":{"line":20,"column":34}},"10":{"start":{"line":28,"column":20},"end":{"line":31,"column":1}},"11":{"start":{"line":29,"column":23},"end":{"line":29,"column":47}},"12":{"start":{"line":30,"column":4},"end":{"line":30,"column":37}},"13":{"start":{"line":38,"column":18},"end":{"line":40,"column":1}},"14":{"start":{"line":39,"column":4},"end":{"line":39,"column":38}},"15":{"start":{"line":47,"column":20},"end":{"line":51,"column":1}},"16":{"start":{"line":48,"column":4},"end":{"line":48,"column":29}},"17":{"start":{"line":48,"column":16},"end":{"line":48,"column":29}},"18":{"start":{"line":49,"column":15},"end":{"line":49,"column":28}},"19":{"start":{"line":50,"column":4},"end":{"line":50,"column":56}},"20":{"start":{"line":53,"column":22},"end":{"line":56,"column":1}},"21":{"start":{"line":54,"column":25},"end":{"line":54,"column":98}},"22":{"start":{"line":55,"column":4},"end":{"line":55,"column":41}},"23":{"start":{"line":58,"column":25},"end":{"line":61,"column":1}},"24":{"start":{"line":59,"column":29},"end":{"line":59,"column":65}},"25":{"start":{"line":60,"column":4},"end":{"line":60,"column":48}},"26":{"start":{"line":63,"column":0},"end":{"line":71,"column":2}}},"fnMap":{"0":{"name":"(anonymous_0)","decl":{"start":{"line":6,"column":19},"end":{"line":6,"column":20}},"loc":{"start":{"line":6,"column":30},"end":{"line":10,"column":1}},"line":6},"1":{"name":"(anonymous_1)","decl":{"start":{"line":18,"column":18},"end":{"line":18,"column":19}},"loc":{"start":{"line":18,"column":37},"end":{"line":21,"column":1}},"line":18},"2":{"name":"(anonymous_2)","decl":{"start":{"line":28,"column":20},"end":{"line":28,"column":21}},"loc":{"start":{"line":28,"column":30},"end":{"line":31,"column":1}},"line":28},"3":{"name":"(anonymous_3)","decl":{"start":{"line":38,"column":18},"end":{"line":38,"column":19}},"loc":{"start":{"line":38,"column":29},"end":{"line":40,"column":1}},"line":38},"4":{"name":"(anonymous_4)","decl":{"start":{"line":47,"column":20},"end":{"line":47,"column":21}},"loc":{"start":{"line":47,"column":31},"end":{"line":51,"column":1}},"line":47},"5":{"name":"(anonymous_5)","decl":{"start":{"line":53,"column":22},"end":{"line":53,"column":23}},"loc":{"start":{"line":53,"column":34},"end":{"line":56,"column":1}},"line":53},"6":{"name":"(anonymous_6)","decl":{"start":{"line":58,"column":25},"end":{"line":58,"column":26}},"loc":{"start":{"line":58,"column":40},"end":{"line":61,"column":1}},"line":58}},"branchMap":{"0":{"loc":{"start":{"line":7,"column":4},"end":{"line":7,"column":60}},"type":"if","locations":[{"start":{"line":7,"column":4},"end":{"line":7,"column":60}},{"start":{},"end":{}}],"line":7},"1":{"loc":{"start":{"line":7,"column":8},"end":{"line":7,"column":45}},"type":"binary-expr","locations":[{"start":{"line":7,"column":8},"end":{"line":7,"column":22}},{"start":{"line":7,"column":26},"end":{"line":7,"column":45}}],"line":7},"2":{"loc":{"start":{"line":8,"column":4},"end":{"line":8,"column":71}},"type":"if","locations":[{"start":{"line":8,"column":4},"end":{"line":8,"column":71}},{"start":{},"end":{}}],"line":8},"3":{"loc":{"start":{"line":8,"column":8},"end":{"line":8,"column":56}},"type":"binary-expr","locations":[{"start":{"line":8,"column":8},"end":{"line":8,"column":33}},{"start":{"line":8,"column":37},"end":{"line":8,"column":56}}],"line":8},"4":{"loc":{"start":{"line":19,"column":4},"end":{"line":19,"column":58}},"type":"if","locations":[{"start":{"line":19,"column":4},"end":{"line":19,"column":58}},{"start":{},"end":{}}],"line":19},"5":{"loc":{"start":{"line":19,"column":8},"end":{"line":19,"column":43}},"type":"binary-expr","locations":[{"start":{"line":19,"column":8},"end":{"line":19,"column":14}},{"start":{"line":19,"column":18},"end":{"line":19,"column":43}}],"line":19},"6":{"loc":{"start":{"line":48,"column":4},"end":{"line":48,"column":29}},"type":"if","locations":[{"start":{"line":48,"column":4},"end":{"line":48,"column":29}},{"start":{},"end":{}}],"line":48},"7":{"loc":{"start":{"line":50,"column":11},"end":{"line":50,"column":55}},"type":"binary-expr","locations":[{"start":{"line":50,"column":11},"end":{"line":50,"column":21}},{"start":{"line":50,"column":25},"end":{"line":50,"column":45}},{"start":{"line":50,"column":49},"end":{"line":50,"column":55}}],"line":50}},"s":{"0":3,"1":2,"2":1,"3":1,"4":0,"5":1,"6":3,"7":1,"8":0,"9":1,"10":3,"11":0,"12":0,"13":3,"14":0,"15":3,"16":8,"17":2,"18":6,"19":6,"20":3,"21":10,"22":10,"23":3,"24":8,"25":8,"26":3},"f":{"0":2,"1":1,"2":0,"3":0,"4":8,"5":10,"6":8},"b":{"0":[1,1],"1":[2,2],"2":[0,1],"3":[1,1],"4":[0,1],"5":[1,1],"6":[2,6],"7":[6,5,5]},"_coverageSchema":"1a1c01bbd47fc00a2c39e90264f33305004495a9","hash":"dd69825deaaaa26279f7737ffcc68af8868756c9"}
}
