TN:
SF:modules\notificaciones\notifications.controller.js
FN:6,(anonymous_0)
FN:23,(anonymous_1)
FN:45,(anonymous_2)
FN:72,(anonymous_3)
FN:83,(anonymous_4)
FNF:5
FNH:0
FNDA:0,(anonymous_0)
FNDA:0,(anonymous_1)
FNDA:0,(anonymous_2)
FNDA:0,(anonymous_3)
FNDA:0,(anonymous_4)
DA:1,0
DA:2,0
DA:3,0
DA:4,0
DA:6,0
DA:7,0
DA:8,0
DA:9,0
DA:10,0
DA:16,0
DA:17,0
DA:19,0
DA:23,0
DA:24,0
DA:25,0
DA:26,0
DA:27,0
DA:29,0
DA:35,0
DA:36,0
DA:37,0
DA:39,0
DA:41,0
DA:45,0
DA:46,0
DA:47,0
DA:48,0
DA:49,0
DA:50,0
DA:51,0
DA:52,0
DA:53,0
DA:54,0
DA:56,0
DA:66,0
DA:68,0
DA:72,0
DA:73,0
DA:74,0
DA:75,0
DA:76,0
DA:78,0
DA:79,0
DA:81,0
DA:83,0
DA:84,0
DA:88,0
LF:47
LH:0
BRDA:8,0,0,0
BRDA:8,0,1,0
BRDA:9,1,0,0
BRDA:9,1,1,0
BRDA:9,2,0,0
BRDA:9,2,1,0
BRDA:26,3,0,0
BRDA:26,3,1,0
BRDA:36,4,0,0
BRDA:36,4,1,0
BRDA:49,5,0,0
BRDA:49,5,1,0
BRDA:50,6,0,0
BRDA:50,6,1,0
BRDA:51,7,0,0
BRDA:51,7,1,0
BRDA:52,8,0,0
BRDA:52,8,1,0
BRDA:53,9,0,0
BRDA:53,9,1,0
BRDA:64,10,0,0
BRDA:64,10,1,0
BRF:22
BRH:0
end_of_record
TN:
SF:modules\notificaciones\notifications.routes.js
FNF:0
FNH:0
DA:1,0
DA:2,0
DA:3,0
DA:4,0
DA:5,0
DA:7,0
DA:9,0
DA:10,0
DA:11,0
DA:12,0
DA:14,0
LF:11
LH:0
BRF:0
BRH:0
end_of_record
TN:
SF:modules\notificaciones\notifications.service.js
FN:5,(anonymous_0)
FN:12,(anonymous_1)
FN:23,(anonymous_2)
FN:29,(anonymous_3)
FN:34,(anonymous_4)
FNF:5
FNH:5
FNDA:1,(anonymous_0)
FNDA:1,(anonymous_1)
FNDA:1,(anonymous_2)
FNDA:1,(anonymous_3)
FNDA:1,(anonymous_4)
DA:1,1
DA:3,1
DA:5,1
DA:6,1
DA:7,1
DA:9,1
DA:12,1
DA:13,1
DA:14,0
DA:16,1
DA:17,1
DA:18,1
DA:19,1
DA:23,1
DA:24,1
DA:25,1
DA:26,0
DA:28,1
DA:29,1
DA:30,1
DA:34,1
DA:44,1
DA:45,1
DA:46,1
DA:53,1
DA:54,1
DA:55,1
DA:56,1
DA:57,1
DA:59,1
DA:62,1
LF:31
LH:29
BRDA:6,0,0,1
BRDA:6,0,1,0
BRDA:13,1,0,0
BRDA:13,1,1,1
BRDA:18,2,0,1
BRDA:18,2,1,0
BRDA:25,3,0,0
BRDA:25,3,1,1
BRDA:39,4,0,1
BRDA:40,5,0,0
BRDA:41,6,0,0
BRDA:42,7,0,0
BRDA:44,8,0,1
BRDA:44,8,1,0
BRDA:45,9,0,1
BRDA:45,9,1,0
BRDA:50,10,0,1
BRDA:50,10,1,0
BRDA:56,11,0,1
BRDA:56,11,1,0
BRF:20
BRH:9
end_of_record
TN:
SF:modules\proyectos\proyectos.controller.js
FN:7,(anonymous_0)
FN:22,(anonymous_1)
FN:38,(anonymous_2)
FN:58,(anonymous_3)
FN:140,(anonymous_4)
FN:171,(anonymous_5)
FN:191,(anonymous_6)
FN:250,(anonymous_7)
FNF:8
FNH:3
FNDA:0,(anonymous_0)
FNDA:0,(anonymous_1)
FNDA:0,(anonymous_2)
FNDA:2,(anonymous_3)
FNDA:1,(anonymous_4)
FNDA:1,(anonymous_5)
FNDA:0,(anonymous_6)
FNDA:0,(anonymous_7)
DA:1,1
DA:2,1
DA:3,1
DA:4,1
DA:5,1
DA:7,1
DA:22,1
DA:23,0
DA:24,0
DA:25,0
DA:26,0
DA:27,0
DA:28,0
DA:29,0
DA:31,0
DA:32,0
DA:34,0
DA:38,1
DA:39,0
DA:40,0
DA:41,0
DA:42,0
DA:44,0
DA:45,0
DA:46,0
DA:48,0
DA:49,0
DA:50,0
DA:52,0
DA:54,0
DA:58,1
DA:59,2
DA:60,2
DA:61,2
DA:62,1
DA:73,1
DA:75,1
DA:76,1
DA:77,1
DA:78,1
DA:79,1
DA:80,1
DA:81,1
DA:84,0
DA:85,0
DA:92,0
DA:103,0
DA:104,0
DA:110,0
DA:112,0
DA:113,0
DA:115,0
DA:116,0
DA:117,0
DA:118,0
DA:119,0
DA:131,0
DA:133,0
DA:134,0
DA:136,2
DA:140,1
DA:141,1
DA:142,1
DA:143,1
DA:144,1
DA:145,0
DA:147,1
DA:148,1
DA:149,0
DA:151,1
DA:153,1
DA:154,1
DA:155,0
DA:167,1
DA:169,1
DA:170,1
DA:171,1
DA:172,1
DA:173,1
DA:177,0
DA:178,0
DA:179,0
DA:180,0
DA:181,0
DA:182,0
DA:183,0
DA:186,0
DA:187,0
DA:188,0
DA:189,0
DA:191,0
DA:192,0
DA:193,0
DA:194,0
DA:197,0
DA:198,0
DA:199,0
DA:200,0
DA:201,0
DA:202,0
DA:203,0
DA:204,0
DA:206,0
DA:207,0
DA:210,0
DA:211,0
DA:212,0
DA:214,0
DA:218,0
DA:220,0
DA:221,0
DA:223,0
DA:224,0
DA:225,0
DA:226,0
DA:227,0
DA:228,0
DA:241,0
DA:243,0
DA:244,0
DA:246,1
DA:250,1
DA:251,0
DA:252,0
DA:253,0
DA:254,0
DA:255,0
DA:257,0
DA:258,0
DA:260,0
DA:261,0
DA:262,0
DA:264,0
DA:265,0
DA:266,0
DA:267,0
DA:268,0
DA:270,0
DA:271,0
DA:273,0
DA:277,1
LF:141
LH:41
BRDA:27,0,0,0
BRDA:27,0,1,0
BRDA:41,1,0,0
BRDA:41,1,1,0
BRDA:45,2,0,0
BRDA:45,2,1,0
BRDA:49,3,0,0
BRDA:49,3,1,0
BRDA:49,4,0,0
BRDA:49,4,1,0
BRDA:61,5,0,1
BRDA:61,5,1,1
BRDA:67,6,0,0
BRDA:68,7,0,0
BRDA:76,8,0,1
BRDA:76,8,1,0
BRDA:76,9,0,1
BRDA:76,9,1,0
BRDA:77,10,0,0
BRDA:77,10,1,1
BRDA:78,11,0,0
BRDA:78,11,1,1
BRDA:79,12,0,0
BRDA:79,12,1,1
BRDA:80,13,0,1
BRDA:80,13,1,0
BRDA:94,14,0,0
BRDA:94,14,1,0
BRDA:97,15,0,0
BRDA:97,15,1,0
BRDA:98,16,0,0
BRDA:98,16,1,0
BRDA:99,17,0,0
BRDA:99,17,1,0
BRDA:144,18,0,0
BRDA:144,18,1,1
BRDA:148,19,0,0
BRDA:148,19,1,1
BRDA:154,20,0,0
BRDA:154,20,1,1
BRDA:154,21,0,1
BRDA:154,21,1,1
BRDA:169,22,0,1
BRDA:169,22,1,0
BRDA:172,23,0,1
BRDA:172,23,1,0
BRDA:178,24,0,0
BRDA:178,24,1,0
BRDA:178,25,0,0
BRDA:178,25,1,0
BRDA:178,25,2,0
BRDA:179,26,0,0
BRDA:179,26,1,0
BRDA:179,27,0,0
BRDA:179,27,1,0
BRDA:180,28,0,0
BRDA:180,28,1,0
BRDA:180,29,0,0
BRDA:180,29,1,0
BRDA:181,30,0,0
BRDA:181,30,1,0
BRDA:181,31,0,0
BRDA:181,31,1,0
BRDA:182,32,0,0
BRDA:182,32,1,0
BRDA:197,33,0,0
BRDA:197,33,1,0
BRDA:198,34,0,0
BRDA:198,34,1,0
BRDA:199,35,0,0
BRDA:199,35,1,0
BRDA:200,36,0,0
BRDA:200,36,1,0
BRDA:201,37,0,0
BRDA:201,37,1,0
BRDA:202,38,0,0
BRDA:202,38,1,0
BRDA:203,39,0,0
BRDA:203,39,1,0
BRDA:204,40,0,0
BRDA:204,40,1,0
BRDA:206,41,0,0
BRDA:206,41,1,0
BRDA:223,42,0,0
BRDA:223,42,1,0
BRDA:223,43,0,0
BRDA:223,43,1,0
BRDA:254,44,0,0
BRDA:254,44,1,0
BRDA:257,45,0,0
BRDA:257,45,1,0
BRDA:261,46,0,0
BRDA:261,46,1,0
BRF:93
BRH:15
end_of_record
TN:
SF:modules\proyectos\proyectos.routes.js
FNF:0
FNH:0
DA:1,0
DA:2,0
DA:3,0
DA:4,0
DA:6,0
DA:8,0
DA:9,0
DA:10,0
DA:11,0
DA:12,0
DA:14,0
LF:11
LH:0
BRF:0
BRH:0
end_of_record
TN:
SF:modules\tareas\tareas.controller.js
FN:7,(anonymous_0)
FN:23,(anonymous_1)
FN:47,(anonymous_2)
FN:67,(anonymous_3)
FN:162,(anonymous_4)
FN:193,(anonymous_5)
FN:215,(anonymous_6)
FN:274,(anonymous_7)
FNF:8
FNH:3
FNDA:0,(anonymous_0)
FNDA:0,(anonymous_1)
FNDA:0,(anonymous_2)
FNDA:2,(anonymous_3)
FNDA:1,(anonymous_4)
FNDA:1,(anonymous_5)
FNDA:0,(anonymous_6)
FNDA:0,(anonymous_7)
DA:1,1
DA:2,1
DA:3,1
DA:4,1
DA:5,1
DA:7,1
DA:23,1
DA:24,0
DA:25,0
DA:26,0
DA:27,0
DA:29,0
DA:30,0
DA:31,0
DA:32,0
DA:33,0
DA:35,0
DA:36,0
DA:37,0
DA:39,0
DA:40,0
DA:41,0
DA:43,0
DA:47,1
DA:48,0
DA:49,0
DA:50,0
DA:51,0
DA:53,0
DA:54,0
DA:55,0
DA:57,0
DA:58,0
DA:59,0
DA:61,0
DA:63,0
DA:67,1
DA:68,2
DA:69,2
DA:70,2
DA:71,1
DA:83,1
DA:85,1
DA:86,1
DA:87,1
DA:88,1
DA:89,0
DA:91,1
DA:92,1
DA:93,1
DA:94,1
DA:97,0
DA:98,0
DA:99,0
DA:102,0
DA:103,0
DA:110,0
DA:122,0
DA:123,0
DA:130,0
DA:132,0
DA:133,0
DA:135,0
DA:136,0
DA:137,0
DA:138,0
DA:139,0
DA:140,0
DA:153,0
DA:155,0
DA:156,0
DA:158,2
DA:162,1
DA:163,1
DA:164,1
DA:165,1
DA:166,1
DA:167,0
DA:169,1
DA:170,1
DA:171,0
DA:173,1
DA:175,1
DA:176,1
DA:177,0
DA:189,1
DA:191,1
DA:192,1
DA:193,1
DA:194,1
DA:195,1
DA:199,0
DA:200,0
DA:201,0
DA:202,0
DA:204,0
DA:205,0
DA:206,0
DA:207,0
DA:210,0
DA:211,0
DA:212,0
DA:213,0
DA:215,0
DA:216,0
DA:217,0
DA:218,0
DA:221,0
DA:222,0
DA:223,0
DA:224,0
DA:225,0
DA:226,0
DA:227,0
DA:228,0
DA:230,0
DA:231,0
DA:234,0
DA:235,0
DA:236,0
DA:238,0
DA:242,0
DA:244,0
DA:245,0
DA:247,0
DA:248,0
DA:249,0
DA:250,0
DA:251,0
DA:252,0
DA:265,0
DA:267,0
DA:268,0
DA:270,1
DA:274,1
DA:275,0
DA:276,0
DA:277,0
DA:278,0
DA:279,0
DA:281,0
DA:282,0
DA:284,0
DA:285,0
DA:286,0
DA:288,0
DA:289,0
DA:290,0
DA:291,0
DA:292,0
DA:294,0
DA:295,0
DA:297,0
DA:301,1
LF:154
LH:42
BRDA:25,0,0,0
BRDA:25,0,1,0
BRDA:26,1,0,0
BRDA:26,1,1,0
BRDA:26,2,0,0
BRDA:26,2,1,0
BRDA:31,3,0,0
BRDA:31,3,1,0
BRDA:35,4,0,0
BRDA:35,4,1,0
BRDA:39,5,0,0
BRDA:39,5,1,0
BRDA:50,6,0,0
BRDA:50,6,1,0
BRDA:54,7,0,0
BRDA:54,7,1,0
BRDA:58,8,0,0
BRDA:58,8,1,0
BRDA:58,9,0,0
BRDA:58,9,1,0
BRDA:70,10,0,1
BRDA:70,10,1,1
BRDA:77,11,0,0
BRDA:78,12,0,0
BRDA:86,13,0,1
BRDA:86,13,1,0
BRDA:87,14,0,0
BRDA:87,14,1,1
BRDA:87,15,0,1
BRDA:87,15,1,1
BRDA:88,16,0,0
BRDA:88,16,1,1
BRDA:88,17,0,1
BRDA:88,17,1,0
BRDA:88,17,2,0
BRDA:91,18,0,0
BRDA:91,18,1,1
BRDA:92,19,0,0
BRDA:92,19,1,1
BRDA:93,20,0,1
BRDA:93,20,1,0
BRDA:98,21,0,0
BRDA:98,21,1,0
BRDA:113,22,0,0
BRDA:113,22,1,0
BRDA:116,23,0,0
BRDA:116,23,1,0
BRDA:117,24,0,0
BRDA:117,24,1,0
BRDA:118,25,0,0
BRDA:118,25,1,0
BRDA:119,26,0,0
BRDA:119,26,1,0
BRDA:135,27,0,0
BRDA:135,27,1,0
BRDA:166,28,0,0
BRDA:166,28,1,1
BRDA:170,29,0,0
BRDA:170,29,1,1
BRDA:176,30,0,0
BRDA:176,30,1,1
BRDA:176,31,0,1
BRDA:176,31,1,1
BRDA:191,32,0,1
BRDA:191,32,1,0
BRDA:194,33,0,1
BRDA:194,33,1,0
BRDA:200,34,0,0
BRDA:200,34,1,0
BRDA:200,35,0,0
BRDA:200,35,1,0
BRDA:200,35,2,0
BRDA:201,36,0,0
BRDA:201,36,1,0
BRDA:201,37,0,0
BRDA:201,37,1,0
BRDA:201,37,2,0
BRDA:204,38,0,0
BRDA:204,38,1,0
BRDA:204,39,0,0
BRDA:204,39,1,0
BRDA:205,40,0,0
BRDA:205,40,1,0
BRDA:205,41,0,0
BRDA:205,41,1,0
BRDA:206,42,0,0
BRDA:206,42,1,0
BRDA:221,43,0,0
BRDA:221,43,1,0
BRDA:222,44,0,0
BRDA:222,44,1,0
BRDA:223,45,0,0
BRDA:223,45,1,0
BRDA:224,46,0,0
BRDA:224,46,1,0
BRDA:225,47,0,0
BRDA:225,47,1,0
BRDA:226,48,0,0
BRDA:226,48,1,0
BRDA:227,49,0,0
BRDA:227,49,1,0
BRDA:228,50,0,0
BRDA:228,50,1,0
BRDA:230,51,0,0
BRDA:230,51,1,0
BRDA:247,52,0,0
BRDA:247,52,1,0
BRDA:247,53,0,0
BRDA:247,53,1,0
BRDA:247,53,2,0
BRDA:278,54,0,0
BRDA:278,54,1,0
BRDA:281,55,0,0
BRDA:281,55,1,0
BRDA:285,56,0,0
BRDA:285,56,1,0
BRF:116
BRH:18
end_of_record
TN:
SF:modules\tareas\tareas.routes.js
FNF:0
FNH:0
DA:1,0
DA:2,0
DA:3,0
DA:4,0
DA:6,0
DA:8,0
DA:9,0
DA:10,0
DA:11,0
DA:12,0
DA:14,0
LF:11
LH:0
BRF:0
BRH:0
end_of_record
TN:
SF:utils\validators.js
FN:6,(anonymous_0)
FN:18,(anonymous_1)
FN:28,(anonymous_2)
FN:38,(anonymous_3)
FN:47,(anonymous_4)
FN:53,(anonymous_5)
FN:58,(anonymous_6)
FNF:7
FNH:5
FNDA:2,(anonymous_0)
FNDA:1,(anonymous_1)
FNDA:0,(anonymous_2)
FNDA:0,(anonymous_3)
FNDA:8,(anonymous_4)
FNDA:10,(anonymous_5)
FNDA:8,(anonymous_6)
DA:6,3
DA:7,2
DA:8,1
DA:9,1
DA:18,3
DA:19,1
DA:20,1
DA:28,3
DA:29,0
DA:30,0
DA:38,3
DA:39,0
DA:47,3
DA:48,8
DA:49,6
DA:50,6
DA:53,3
DA:54,10
DA:55,10
DA:58,3
DA:59,8
DA:60,8
DA:63,3
LF:23
LH:20
BRDA:7,0,0,1
BRDA:7,0,1,1
BRDA:7,1,0,2
BRDA:7,1,1,2
BRDA:8,2,0,0
BRDA:8,2,1,1
BRDA:8,3,0,1
BRDA:8,3,1,1
BRDA:19,4,0,0
BRDA:19,4,1,1
BRDA:19,5,0,1
BRDA:19,5,1,1
BRDA:48,6,0,2
BRDA:48,6,1,6
BRDA:50,7,0,6
BRDA:50,7,1,5
BRDA:50,7,2,5
BRF:17
BRH:15
end_of_record
